12020-12-19 23:29:31,218 - 63224-MainThread - E:\git\crontab-script\jd_seckill\jd_spider_requests.py[line:90] - INFO: 校验是否登录[成功]
2020-12-19 23:29:31,290 - 63052-MainThread - E:\git\crontab-script\jd_seckill\jd_spider_requests.py[line:90] - INFO: 校验是否登录[成功]
2020-12-19 23:29:31,354 - 64236-MainThread - E:\git\crontab-script\jd_seckill\jd_spider_requests.py[line:90] - INFO: 校验是否登录[成功]
2020-12-19 23:29:31,380 - 64012-MainThread - E:\git\crontab-script\jd_seckill\jd_spider_requests.py[line:90] - INFO: 校验是否登录[成功]
2020-12-19 23:29:31,445 - 63624-MainThread - E:\git\crontab-script\jd_seckill\jd_spider_requests.py[line:90] - INFO: 校验是否登录[成功]
2020-12-19 23:29:31,983 - 63224-MainThread - E:\git\crontab-script\jd_seckill\jd_spider_requests.py[line:91] - INFO: 用户:abpvnext
2020-12-19 23:29:31,986 - 63052-MainThread - E:\git\crontab-script\jd_seckill\jd_spider_requests.py[line:91] - INFO: 用户:abpvnext
2020-12-19 23:29:32,122 - 63624-MainThread - E:\git\crontab-script\jd_seckill\jd_spider_requests.py[line:91] - INFO: 用户:abpvnext
2020-12-19 23:29:32,652 - 63224-MainThread - E:\git\crontab-script\jd_seckill\jd_spider_requests.py[line:198] - INFO: 用户:abpvnext
2020-12-19 23:29:32,652 - 63052-MainThread - E:\git\crontab-script\jd_seckill\jd_spider_requests.py[line:198] - INFO: 用户:abpvnext
2020-12-19 23:29:32,685 - 64236-MainThread - E:\git\crontab-script\jd_seckill\jd_spider_requests.py[line:91] - INFO: 用户:abpvnext
2020-12-19 23:29:32,710 - 64012-MainThread - E:\git\crontab-script\jd_seckill\jd_spider_requests.py[line:91] - INFO: 用户:abpvnext
2020-12-19 23:29:32,799 - 63624-MainThread - E:\git\crontab-script\jd_seckill\jd_spider_requests.py[line:198] - INFO: 用户:abpvnext
2020-12-19 23:29:33,953 - 64012-MainThread - E:\git\crontab-script\jd_seckill\jd_spider_requests.py[line:198] - INFO: 用户:abpvnext
2020-12-19 23:29:34,071 - 63052-MainThread - E:\git\crontab-script\jd_seckill\jd_spider_requests.py[line:199] - INFO: 商品名称:3万人抢，就109口，早就抢没了！阎铁匠 章丘铁锅圆底炒锅炒菜锅无涂层 锤印款锅把一体34厘米 圆底炒锅【图片 价格 品牌 报价】-京东
2020-12-19 23:29:34,071 - 63052-MainThread - E:\git\crontab-script\jd_seckill\timer.py[line:14] - INFO: 正在等待到达设定时间:2020-12-19 22:41:59.500000
2020-12-19 23:29:34,071 - 63052-MainThread - E:\git\crontab-script\jd_seckill\timer.py[line:23] - INFO: 时间到达，开始执行……
2020-12-19 23:29:34,266 - 63224-MainThread - E:\git\crontab-script\jd_seckill\jd_spider_requests.py[line:199] - INFO: 商品名称:3万人抢，就109口，早就抢没了！阎铁匠 章丘铁锅圆底炒锅炒菜锅无涂层 锤印款锅把一体34厘米 圆底炒锅【图片 价格 品牌 报价】-京东
2020-12-19 23:29:34,266 - 63224-MainThread - E:\git\crontab-script\jd_seckill\timer.py[line:14] - INFO: 正在等待到达设定时间:2020-12-19 22:41:59.500000
2020-12-19 23:29:34,266 - 63224-MainThread - E:\git\crontab-script\jd_seckill\timer.py[line:23] - INFO: 时间到达，开始执行……
2020-12-19 23:29:34,281 - 63052-MainThread - E:\git\crontab-script\jd_seckill\jd_spider_requests.py[line:179] - INFO: 获取商品的抢购resp_json: {'type': '3', 'state': '11', 'url': ''}
2020-12-19 23:29:34,281 - 63052-MainThread - E:\git\crontab-script\jd_seckill\jd_spider_requests.py[line:193] - INFO: 抢购链接获取失败，稍后自动重试
2020-12-19 23:29:34,355 - 63624-MainThread - E:\git\crontab-script\jd_seckill\jd_spider_requests.py[line:199] - INFO: 商品名称:3万人抢，就109口，早就抢没了！阎铁匠 章丘铁锅圆底炒锅炒菜锅无涂层 锤印款锅把一体34厘米 圆底炒锅【图片 价格 品牌 报价】-京东
2020-12-19 23:29:34,355 - 63624-MainThread - E:\git\crontab-script\jd_seckill\timer.py[line:14] - INFO: 正在等待到达设定时间:2020-12-19 22:41:59.500000
2020-12-19 23:29:34,356 - 63624-MainThread - E:\git\crontab-script\jd_seckill\timer.py[line:23] - INFO: 时间到达，开始执行……
2020-12-19 23:29:34,464 - 63224-MainThread - E:\git\crontab-script\jd_seckill\jd_spider_requests.py[line:179] - INFO: 获取商品的抢购resp_json: {'type': '3', 'state': '11', 'url': ''}
2020-12-19 23:29:34,464 - 63224-MainThread - E:\git\crontab-script\jd_seckill\jd_spider_requests.py[line:193] - INFO: 抢购链接获取失败，稍后自动重试
2020-12-19 23:29:34,490 - 64012-MainThread - E:\git\crontab-script\jd_seckill\jd_spider_requests.py[line:199] - INFO: 商品名称:3万人抢，就109口，早就抢没了！阎铁匠 章丘铁锅圆底炒锅炒菜锅无涂层 锤印款锅把一体34厘米 圆底炒锅【图片 价格 品牌 报价】-京东
2020-12-19 23:29:34,490 - 64012-MainThread - E:\git\crontab-script\jd_seckill\timer.py[line:14] - INFO: 正在等待到达设定时间:2020-12-19 22:41:59.500000
2020-12-19 23:29:34,491 - 64012-MainThread - E:\git\crontab-script\jd_seckill\timer.py[line:23] - INFO: 时间到达，开始执行……
2020-12-19 23:29:34,508 - 63624-MainThread - E:\git\crontab-script\jd_seckill\jd_spider_requests.py[line:179] - INFO: 获取商品的抢购resp_json: {'type': '3', 'state': '11', 'url': ''}
2020-12-19 23:29:34,509 - 63624-MainThread - E:\git\crontab-script\jd_seckill\jd_spider_requests.py[line:193] - INFO: 抢购链接获取失败，稍后自动重试
2020-12-19 23:29:34,524 - 64236-MainThread - E:\git\crontab-script\jd_seckill\jd_spider_requests.py[line:198] - INFO: 用户:abpvnext
2020-12-19 23:29:34,669 - 64012-MainThread - E:\git\crontab-script\jd_seckill\jd_spider_requests.py[line:179] - INFO: 获取商品的抢购resp_json: {'type': '3', 'state': '11', 'url': ''}
2020-12-19 23:29:34,669 - 63052-MainThread - E:\git\crontab-script\jd_seckill\jd_spider_requests.py[line:179] - INFO: 获取商品的抢购resp_json: {'type': '3', 'state': '11', 'url': ''}
2020-12-19 23:29:34,669 - 64012-MainThread - E:\git\crontab-script\jd_seckill\jd_spider_requests.py[line:193] - INFO: 抢购链接获取失败，稍后自动重试
2020-12-19 23:29:34,669 - 63052-MainThread - E:\git\crontab-script\jd_seckill\jd_spider_requests.py[line:193] - INFO: 抢购链接获取失败，稍后自动重试
2020-12-19 23:29:34,751 - 63224-MainThread - E:\git\crontab-script\jd_seckill\jd_spider_requests.py[line:179] - INFO: 获取商品的抢购resp_json: {'type': '3', 'state': '11', 'url': ''}
2020-12-19 23:29:34,752 - 63224-MainThread - E:\git\crontab-script\jd_seckill\jd_spider_requests.py[line:193] - INFO: 抢购链接获取失败，稍后自动重试
2020-12-19 23:29:34,948 - 63624-MainThread - E:\git\crontab-script\jd_seckill\jd_spider_requests.py[line:179] - INFO: 获取商品的抢购resp_json: {'type': '3', 'state': '11', 'url': ''}
2020-12-19 23:29:34,948 - 63624-MainThread - E:\git\crontab-script\jd_seckill\jd_spider_requests.py[line:193] - INFO: 抢购链接获取失败，稍后自动重试
2020-12-19 23:29:34,963 - 64012-MainThread - E:\git\crontab-script\jd_seckill\jd_spider_requests.py[line:179] - INFO: 获取商品的抢购resp_json: {'type': '3', 'state': '11', 'url': ''}
2020-12-19 23:29:34,964 - 64012-MainThread - E:\git\crontab-script\jd_seckill\jd_spider_requests.py[line:193] - INFO: 抢购链接获取失败，稍后自动重试
2020-12-19 23:29:34,969 - 64236-MainThread - E:\git\crontab-script\jd_seckill\jd_spider_requests.py[line:199] - INFO: 商品名称:3万人抢，就109口，早就抢没了！阎铁匠 章丘铁锅圆底炒锅炒菜锅无涂层 锤印款锅把一体34厘米 圆底炒锅【图片 价格 品牌 报价】-京东
2020-12-19 23:29:34,970 - 64236-MainThread - E:\git\crontab-script\jd_seckill\timer.py[line:14] - INFO: 正在等待到达设定时间:2020-12-19 22:41:59.500000
2020-12-19 23:29:34,970 - 64236-MainThread - E:\git\crontab-script\jd_seckill\timer.py[line:23] - INFO: 时间到达，开始执行……
2020-12-19 23:29:35,132 - 63052-MainThread - E:\git\crontab-script\jd_seckill\jd_spider_requests.py[line:179] - INFO: 获取商品的抢购resp_json: {'type': '3', 'state': '11', 'url': ''}
2020-12-19 23:29:35,132 - 63052-MainThread - E:\git\crontab-script\jd_seckill\jd_spider_requests.py[line:193] - INFO: 抢购链接获取失败，稍后自动重试
2020-12-19 23:29:35,132 - 64236-MainThread - E:\git\crontab-script\jd_seckill\jd_spider_requests.py[line:179] - INFO: 获取商品的抢购resp_json: {'type': '3', 'state': '11', 'url': ''}
2020-12-19 23:29:35,147 - 64236-MainThread - E:\git\crontab-script\jd_seckill\jd_spider_requests.py[line:193] - INFO: 抢购链接获取失败，稍后自动重试
2020-12-19 23:29:35,182 - 63224-MainThread - E:\git\crontab-script\jd_seckill\jd_spider_requests.py[line:179] - INFO: 获取商品的抢购resp_json: {'type': '3', 'state': '11', 'url': ''}
2020-12-19 23:29:35,183 - 63224-MainThread - E:\git\crontab-script\jd_seckill\jd_spider_requests.py[line:193] - INFO: 抢购链接获取失败，稍后自动重试
2020-12-19 23:29:35,303 - 63624-MainThread - E:\git\crontab-script\jd_seckill\jd_spider_requests.py[line:179] - INFO: 获取商品的抢购resp_json: {'type': '3', 'state': '11', 'url': ''}
2020-12-19 23:29:35,303 - 63624-MainThread - E:\git\crontab-script\jd_seckill\jd_spider_requests.py[line:193] - INFO: 抢购链接获取失败，稍后自动重试
2020-12-19 23:29:35,360 - 64012-MainThread - E:\git\crontab-script\jd_seckill\jd_spider_requests.py[line:179] - INFO: 获取商品的抢购resp_json: {'type': '3', 'state': '11', 'url': ''}
2020-12-19 23:29:35,361 - 64012-MainThread - E:\git\crontab-script\jd_seckill\jd_spider_requests.py[line:193] - INFO: 抢购链接获取失败，稍后自动重试
2020-12-19 23:29:35,488 - 64236-MainThread - E:\git\crontab-script\jd_seckill\jd_spider_requests.py[line:179] - INFO: 获取商品的抢购resp_json: {'type': '3', 'state': '11', 'url': ''}
2020-12-19 23:29:35,488 - 64236-MainThread - E:\git\crontab-script\jd_seckill\jd_spider_requests.py[line:193] - INFO: 抢购链接获取失败，稍后自动重试
2020-12-19 23:29:35,522 - 63224-MainThread - E:\git\crontab-script\jd_seckill\jd_spider_requests.py[line:179] - INFO: 获取商品的抢购resp_json: {'type': '3', 'state': '11', 'url': ''}
2020-12-19 23:29:35,523 - 63224-MainThread - E:\git\crontab-script\jd_seckill\jd_spider_requests.py[line:193] - INFO: 抢购链接获取失败，稍后自动重试
state': '11', 'url': ''}
2020-12-19 23:29:35,523 - 63052-MainThread - E:\git\crontab-script\jd_seckill\jd_spider_requests.py[line:193] - INFO: 抢购链接获取失败，稍后自动重试
2020-12-19 23:29:35,613 - 63624-MainThread - E:\git\crontab-script\jd_seckill\jd_spider_requests.py[line:179] - INFO: 获取商品的抢购resp_json: {'type': '3', 'state': '11', 'url': ''}
2020-12-19 23:29:35,613 - 63624-MainThread - E:\git\crontab-script\jd_seckill\jd_spider_requests.py[line:193] - INFO: 抢购链接获取失败，稍后自动重试
2020-12-19 23:29:35,721 - 64012-MainThread - E:\git\crontab-script\jd_seckill\jd_spider_requests.py[line:179] - INFO: 获取商品的抢购resp_json: {'type': '3', 'state': '11', 'url': ''}
2020-12-19 23:29:35,721 - 64012-MainThread - E:\git\crontab-script\jd_seckill\jd_spider_requests.py[line:193] - INFO: 抢购链接获取失败，稍后自动重试
2020-12-19 23:29:36,406 - 64236-MainThread - E:\git\crontab-script\jd_seckill\jd_spider_requests.py[line:179] - INFO: 获取商品的抢购resp_json: {'type': '3', 'state': '11', 'url': ''}
2020-12-19 23:29:36,406 - 64236-MainThread - E:\git\crontab-script\jd_seckill\jd_spider_requests.py[line:193] - INFO: 抢购链接获取失败，稍后自动重试
2020-12-19 23:29:36,505 - 63624-MainThread - E:\git\crontab-script\jd_seckill\jd_spider_requests.py[line:179] - INFO: 获取商品的抢购resp_json: {'type': '3', 'state': '11', 'url': ''}
2020-12-19 23:29:36,506 - 64012-MainThread - E:\git\crontab-script\jd_seckill\jd_spider_requests.py[line:179] - INFO: 获取商品的抢购resp_json: {'type': '3', 'state': '11', 'url': ''}
2020-12-19 23:29:36,506 - 63624-MainThread - E:\git\crontab-script\jd_seckill\jd_spider_requests.py[line:193] - INFO: 抢购链接获取失败，稍后自动重试
2020-12-19 23:29:36,506 - 64012-MainThread - E:\git\crontab-script\jd_seckill\jd_spider_requests.py[line:193] - INFO: 抢购链接获取失败，稍后自动重试
2020-12-19 23:29:36,511 - 63052-MainThread - E:\git\crontab-script\jd_seckill\jd_spider_requests.py[line:179] - INFO: 获取商品的抢购resp_json: {'type': '3', 'state': '11', 'url': ''}
2020-12-19 23:29:36,512 - 63052-MainThread - E:\git\crontab-script\jd_seckill\jd_spider_requests.py[line:193] - INFO: 抢购链接获取失败，稍后自动重试
2020-12-19 23:29:36,684 - 64236-MainThread - E:\git\crontab-script\jd_seckill\jd_spider_requests.py[line:179] - INFO: 获取商品的抢购resp_json: {'type': '3', 'state': '11', 'url': ''}
2020-12-19 23:29:36,684 - 64236-MainThread - E:\git\crontab-script\jd_seckill\jd_spider_requests.py[line:193] - INFO: 抢购链接获取失败，稍后自动重试
2020-12-19 23:29:36,787 - 63624-MainThread - E:\git\crontab-script\jd_seckill\jd_spider_requests.py[line:179] - INFO: 获取商品的抢购resp_json: {'type': '3', 'state': '11', 'url': ''}
2020-12-19 23:29:36,787 - 63624-MainThread - E:\git\crontab-script\jd_seckill\jd_spider_requests.py[line:193] - INFO: 抢购链接获取失败，稍后自动重试
2020-12-19 23:29:36,802 - 63052-MainThread - E:\git\crontab-script\jd_seckill\jd_spider_requests.py[line:179] - INFO: 获取商品的抢购resp_json: {'type': '3', 'state': '11', 'url': ''}
2020-12-19 23:29:36,802 - 63052-MainThread - E:\git\crontab-script\jd_seckill\jd_spider_requests.py[line:193] - INFO: 抢购链接获取失败，稍后自动重试
2020-12-19 23:29:36,826 - 64012-MainThread - E:\git\crontab-script\jd_seckill\jd_spider_requests.py[line:179] - INFO: 获取商品的抢购resp_json: {'type': '3', 'state': '11', 'url': ''}
2020-12-19 23:29:36,827 - 64012-MainThread - E:\git\crontab-script\jd_seckill\jd_spider_requests.py[line:193] - INFO: 抢购链接获取失败，稍后自动重试
2020-12-19 23:29:36,850 - 63224-MainThread - E:\git\crontab-script\jd_seckill\jd_spider_requests.py[line:179] - INFO: 获取商品的抢购resp_json: {'type': '3', 'state': '11', 'url': ''}
2020-12-19 23:29:36,851 - 63224-MainThread - E:\git\crontab-script\jd_seckill\jd_spider_requests.py[line:193] - INFO: 抢购链接获取失败，稍后自动重试
2020-12-19 23:29:36,985 - 64236-MainThread - E:\git\crontab-script\jd_seckill\jd_spider_requests.py[line:179] - INFO: 获取商品的抢购resp_json: {'type': '3', 'state': '11', 'url': ''}
2020-12-19 23:29:36,985 - 64236-MainThread - E:\git\crontab-script\jd_seckill\jd_spider_requests.py[line:193] - INFO: 抢购链接获取失败，稍后自动重试
2020-12-19 23:29:37,068 - 63052-MainThread - E:\git\crontab-script\jd_seckill\jd_spider_requests.py[line:179] - INFO: 获取商品的抢购resp_json: {'type': '3', 'state': '11', 'url': ''}
2020-12-19 23:29:37,068 - 63052-MainThread - E:\git\crontab-script\jd_seckill\jd_spider_requests.py[line:193] - INFO: 抢购链接获取失败，稍后自动重试
2020-12-19 23:29:37,136 - 64012-MainThread - E:\git\crontab-script\jd_seckill\jd_spider_requests.py[line:179] - INFO: 获取商品的抢购resp_json: {'type': '3', 'state': '11', 'url': ''}
2020-12-19 23:29:37,136 - 64012-MainThread - E:\git\crontab-script\jd_seckill\jd_spider_requests.py[line:193] - INFO: 抢购链接获取失败，稍后自动重试
2020-12-19 23:29:37,212 - 63624-MainThread - E:\git\crontab-script\jd_seckill\jd_spider_requests.py[line:179] - INFO: 获取商品的抢购resp_json: {'type': '3', 'state': '11', 'url': ''}
2020-12-19 23:29:37,212 - 63624-MainThread - E:\git\crontab-script\jd_seckill\jd_spider_requests.py[line:193] - INFO: 抢购链接获取失败，稍后自动重试
2020-12-19 23:29:37,319 - 63224-MainThread - E:\git\crontab-script\jd_seckill\jd_spider_requests.py[line:179] - INFO: 获取商品的抢购resp_json: {'type': '3', 'state': '11', 'url': ''}
2020-12-19 23:29:37,319 - 63224-MainThread - E:\git\crontab-script\jd_seckill\jd_spider_requests.py[line:193] - INFO: 抢购链接获取失败，稍后自动重试
2020-12-19 23:29:37,340 - 64236-MainThread - E:\git\crontab-script\jd_seckill\jd_spider_requests.py[line:179] - INFO: 获取商品的抢购resp_json: {'type': '3', 'state': '11', 'url': ''}
2020-12-19 23:29:37,340 - 64236-MainThread - E:\git\crontab-script\jd_seckill\jd_spider_requests.py[line:193] - INFO: 抢购链接获取失败，稍后自动重试
2020-12-19 23:29:37,390 - 63052-MainThread - E:\git\crontab-script\jd_seckill\jd_spider_requests.py[line:179] - INFO: 获取商品的抢购resp_json: {'type': '3', 'state': '11', 'url': ''}
2020-12-19 23:29:37,390 - 63052-MainThread - E:\git\crontab-script\jd_seckill\jd_spider_requests.py[line:193] - INFO: 抢购链接获取失败，稍后自动重试
2020-12-19 23:29:37,487 - 64012-MainThread - E:\git\crontab-script\jd_seckill\jd_spider_requests.py[line:179] - INFO: 获取商品的抢购resp_json: {'type': '3', 'state': '11', 'url': ''}
2020-12-19 23:29:37,487 - 64012-MainThread - E:\git\crontab-script\jd_seckill\jd_spider_requests.py[line:193] - INFO: 抢购链接获取失败，稍后自动重试
2020-12-19 23:29:37,503 - 63624-MainThread - E:\git\crontab-script\jd_seckill\jd_spider_requests.py[line:179] - INFO: 获取商品的抢购resp_json: {'type': '3', 'state': '11', 'url': ''}
2020-12-19 23:29:37,503 - 63624-MainThread - E:\git\crontab-script\jd_seckill\jd_spider_requests.py[line:193] - INFO: 抢购链接获取失败，稍后自动重试
2020-12-19 23:29:37,718 - 64236-MainThread - E:\git\crontab-script\jd_seckill\jd_spider_requests.py[line:179] - INFO: 获取商品的抢购resp_json: {'type': '3', 'state': '11', 'url': ''}
2020-12-19 23:29:37,718 - 64236-MainThread - E:\git\crontab-script\jd_seckill\jd_spider_requests.py[line:193] - INFO: 抢购链接获取失败，稍后自动重试
2020-12-19 23:29:37,733 - 63224-MainThread - E:\git\crontab-script\jd_seckill\jd_spider_requests.py[line:179] - INFO: 获取商品的抢购resp_json: {'type': '3', 'state': '11', 'url': ''}
2020-12-19 23:29:37,733 - 63224-MainThread - E:\git\crontab-script\jd_seckill\jd_spider_requests.py[line:193] - INFO: 抢购链接获取失败，稍后自动重试
2020-12-19 23:29:37,776 - 64012-MainThread - E:\git\crontab-script\jd_seckill\jd_spider_requests.py[line:179] - INFO: 获取商品的抢购resp_json: {'type': '3', 'state': '11', 'url': ''}
2020-12-19 23:29:37,777 - 64012-MainThread - E:\git\crontab-script\jd_seckill\jd_spider_requests.py[line:193] - INFO: 抢购链接获取失败，稍后自动重试
2020-12-19 23:29:37,791 - 63052-MainThread - E:\git\crontab-script\jd_seckill\jd_spider_requests.py[line:179] - INFO: 获取商品的抢购resp_json: {'type': '3', 'state': '11', 'url': ''}
2020-12-19 23:29:37,791 - 63052-MainThread - E:\git\crontab-script\jd_seckill\jd_spider_requests.py[line:193] - INFO: 抢购链接获取失败，稍后自动重试
2020-12-19 23:29:37,859 - 63624-MainThread - E:\git\crontab-script\jd_seckill\jd_spider_requests.py[line:179] - INFO: 获取商品的抢购resp_json: {'type': '3', 'state': '11', 'url': ''}
2020-12-19 23:29:37,859 - 63624-MainThread - E:\git\crontab-script\jd_seckill\jd_spider_requests.py[line:193] - INFO: 抢购链接获取失败，稍后自动重试
2020-12-19 23:29:38,063 - 64236-MainThread - E:\git\crontab-script\jd_seckill\jd_spider_requests.py[line:179] - INFO: 获取商品的抢购resp_json: {'type': '3', 'state': '11', 'url': ''}
2020-12-19 23:29:38,063 - 64236-MainThread - E:\git\crontab-script\jd_seckill\jd_spider_requests.py[line:193] - INFO: 抢购链接获取失败，稍后自动重试
2020-12-19 23:29:38,085 - 63224-MainThread - E:\git\crontab-script\jd_seckill\jd_spider_requests.py[line:179] - INFO: 获取商品的抢购resp_json: {'type': '3', 'state': '11', 'url': ''}
2020-12-19 23:29:38,085 - 64012-MainThread - E:\git\crontab-script\jd_seckill\jd_spider_requests.py[line:179] - INFO: 获取商品的抢购resp_json: {'type': '3', 'state': '11', 'url': ''}
2020-12-19 23:29:38,085 - 63224-MainThread - E:\git\crontab-script\jd_seckill\jd_spider_requests.py[line:193] - INFO: 抢购链接获取失败，稍后自动重试
2020-12-19 23:29:38,085 - 64012-MainThread - E:\git\crontab-script\jd_seckill\jd_spider_requests.py[line:193] - INFO: 抢购链接获取失败，稍后自动重试
2020-12-19 23:29:38,164 - 63052-MainThread - E:\git\crontab-script\jd_seckill\jd_spider_requests.py[line:179] - INFO: 获取商品的抢购resp_json: {'type': '3', 'state': '11', 'url': ''}
2020-12-19 23:29:38,164 - 63052-MainThread - E:\git\crontab-script\jd_seckill\jd_spider_requests.py[line:193] - INFO: 抢购链接获取失败，稍后自动重试
2020-12-19 23:29:38,350 - 63624-MainThread - E:\git\crontab-script\jd_seckill\jd_spider_requests.py[line:179] - INFO: 获取商品的抢购resp_json: {'type': '3', 'state': '11', 'url': ''}
2020-12-19 23:29:38,350 - 63624-MainThread - E:\git\crontab-script\jd_seckill\jd_spider_requests.py[line:193] - INFO: 抢购链接获取失败，稍后自动重试
2020-12-19 23:29:38,403 - 64236-MainThread - E:\git\crontab-script\jd_seckill\jd_spider_requests.py[line:179] - INFO: 获取商品的抢购resp_json: {'type': '3', 'state': '11', 'url': ''}
2020-12-19 23:29:38,403 - 64236-MainThread - E:\git\crontab-script\jd_seckill\jd_spider_requests.py[line:193] - INFO: 抢购链接获取失败，稍后自动重试
2020-12-19 23:29:38,425 - 64012-MainThread - E:\git\crontab-script\jd_seckill\jd_spider_requests.py[line:179] - INFO: 获取商品的抢购resp_json: {'type': '3', 'state': '11', 'url': ''}
2020-12-19 23:29:38,426 - 64012-MainThread - E:\git\crontab-script\jd_seckill\jd_spider_requests.py[line:193] - INFO: 抢购链接获取失败，稍后自动重试
2020-12-19 23:29:38,445 - 63224-MainThread - E:\git\crontab-script\jd_seckill\jd_spider_requests.py[line:179] - INFO: 获取商品的抢购resp_json: {'type': '3', 'state': '11', 'url': ''}
2020-12-19 23:29:38,446 - 63224-MainThread - E:\git\crontab-script\jd_seckill\jd_spider_requests.py[line:193] - INFO: 抢购链接获取失败，稍后自动重试
2020-12-19 23:29:38,546 - 63052-MainThread - E:\git\crontab-script\jd_seckill\jd_spider_requests.py[line:179] - INFO: 获取商品的抢购resp_json: {'type': '3', 'state': '11', 'url': ''}
2020-12-19 23:29:38,546 - 63052-MainThread - E:\git\crontab-script\jd_seckill\jd_spider_requests.py[line:193] - INFO: 抢购链接获取失败，稍后自动重试
2020-12-19 23:29:38,632 - 63624-MainThread - E:\git\crontab-script\jd_seckill\jd_spider_requests.py[line:179] - INFO: 获取商品的抢购resp_json: {'type': '3', 'state': '11', 'url': ''}
2020-12-19 23:29:38,632 - 63624-MainThread - E:\git\crontab-script\jd_seckill\jd_spider_requests.py[line:193] - INFO: 抢购链接获取失败，稍后自动重试
2020-12-19 23:29:38,816 - 63224-MainThread - E:\git\crontab-script\jd_seckill\jd_spider_requests.py[line:179] - INFO: 获取商品的抢购resp_json: {'type': '3', 'state': '11', 'url': ''}
2020-12-19 23:29:38,816 - 63224-MainThread - E:\git\crontab-script\jd_seckill\jd_spider_requests.py[line:193] - INFO: 抢购链接获取失败，稍后自动重试
2020-12-19 23:29:38,857 - 63052-MainThread - E:\git\crontab-script\jd_seckill\jd_spider_requests.py[line:179] - INFO: 获取商品的抢购resp_json: {'type': '3', 'state': '11', 'url': ''}
2020-12-19 23:29:38,858 - 63052-MainThread - E:\git\crontab-script\jd_seckill\jd_spider_requests.py[line:193] - INFO: 抢购链接获取失败，稍后自动重试
2020-12-19 23:29:38,880 - 64012-MainThread - E:\git\crontab-script\jd_seckill\jd_spider_requests.py[line:179] - INFO: 获取商品的抢购resp_json: {'type': '3', 'state': '11', 'url': ''}
2020-12-19 23:29:38,881 - 64012-MainThread - E:\git\crontab-script\jd_seckill\jd_spider_requests.py[line:193] - INFO: 抢购链接获取失败，稍后自动重试
2020-12-19 23:29:39,081 - 63624-MainThread - E:\git\crontab-script\jd_seckill\jd_spider_requests.py[line:179] - INFO: 获取商品的抢购resp_json: {'type': '3', 'state': '11', 'url': ''}
2020-12-19 23:29:39,081 - 63624-MainThread - E:\git\crontab-script\jd_seckill\jd_spider_requests.py[line:193] - INFO: 抢购链接获取失败，稍后自动重试
2020-12-19 23:29:39,150 - 64236-MainThread - E:\git\crontab-script\jd_seckill\jd_spider_requests.py[line:179] - INFO: 获取商品的抢购resp_json: {'type': '3', 'state': '11', 'url': ''}
2020-12-19 23:29:39,150 - 64236-MainThread - E:\git\crontab-script\jd_seckill\jd_spider_requests.py[line:193] - INFO: 抢购链接获取失败，稍后自动重试
2020-12-19 23:29:39,246 - 63224-MainThread - E:\git\crontab-script\jd_seckill\jd_spider_requests.py[line:179] - INFO: 获取商品的抢购resp_json: {'type': '3', 'state': '11', 'url': ''}
2020-12-19 23:29:39,246 - 63224-MainThread - E:\git\crontab-script\jd_seckill\jd_spider_requests.py[line:193] - INFO: 抢购链接获取失败，稍后自动重试
2020-12-19 23:29:39,314 - 63052-MainThread - E:\git\crontab-script\jd_seckill\jd_spider_requests.py[line:179] - INFO: 获取商品的抢购resp_json: {'type': '3', 'state': '11', 'url': ''}
2020-12-19 23:29:39,315 - 63052-MainThread - E:\git\crontab-script\jd_seckill\jd_spider_requests.py[line:193] - INFO: 抢购链接获取失败，稍后自动重试
2020-12-19 23:29:39,321 - 64012-MainThread - E:\git\crontab-script\jd_seckill\jd_spider_requests.py[line:179] - INFO: 获取商品的抢购resp_json: {'type': '3', 'state': '11', 'url': ''}
2020-12-19 23:29:39,321 - 64012-MainThread - E:\git\crontab-script\jd_seckill\jd_spider_requests.py[line:193] - INFO: 抢购链接获取失败，稍后自动重试
2020-12-19 23:29:39,436 - 63624-MainThread - E:\git\crontab-script\jd_seckill\jd_spider_requests.py[line:179] - INFO: 获取商品的抢购resp_json: {'type': '3', 'state': '11', 'url': ''}
2020-12-19 23:29:39,436 - 63624-MainThread - E:\git\crontab-script\jd_seckill\jd_spider_requests.py[line:193] - INFO: 抢购链接获取失败，稍后自动重试
2020-12-19 23:29:39,623 - 64236-MainThread - E:\git\crontab-script\jd_seckill\jd_spider_requests.py[line:179] - INFO: 获取商品的抢购resp_json: {'type': '3', 'state': '11', 'url': ''}
2020-12-19 23:29:39,623 - 64236-MainThread - E:\git\crontab-script\jd_seckill\jd_spider_requests.py[line:193] - INFO: 抢购链接获取失败，稍后自动重试
2020-12-19 23:29:39,648 - 63052-MainThread - E:\git\crontab-script\jd_seckill\jd_spider_requests.py[line:179] - INFO: 获取商品的抢购resp_json: {'type': '3', 'state': '11', 'url': ''}
2020-12-19 23:29:39,648 - 63052-MainThread - E:\git\crontab-script\jd_seckill\jd_spider_requests.py[line:193] - INFO: 抢购链接获取失败，稍后自动重试
2020-12-19 23:29:39,709 - 64012-MainThread - E:\git\crontab-script\jd_seckill\jd_spider_requests.py[line:179] - INFO: 获取商品的抢购resp_json: {'type': '3', 'state': '11', 'url': ''}
2020-12-19 23:29:39,709 - 64012-MainThread - E:\git\crontab-script\jd_seckill\jd_spider_requests.py[line:193] - INFO: 抢购链接获取失败，稍后自动重试
2020-12-19 23:29:40,005 - 63224-MainThread - E:\git\crontab-script\jd_seckill\jd_spider_requests.py[line:179] - INFO: 获取商品的抢购resp_json: {'type': '3', 'state': '11', 'url': ''}
2020-12-19 23:29:40,005 - 63224-MainThread - E:\git\crontab-script\jd_seckill\jd_spider_requests.py[line:193] - INFO: 抢购链接获取失败，稍后自动重试
2020-12-19 23:29:40,427 - 64012-MainThread - E:\git\crontab-script\jd_seckill\jd_spider_requests.py[line:179] - INFO: 获取商品的抢购resp_json: {'type': '3', 'state': '11', 'url': ''}
2020-12-19 23:29:40,427 - 64012-MainThread - E:\git\crontab-script\jd_seckill\jd_spider_requests.py[line:193] - INFO: 抢购链接获取失败，稍后自动重试
2020-12-19 23:29:40,489 - 64236-MainThread - E:\git\crontab-script\jd_seckill\jd_spider_requests.py[line:179] - INFO: 获取商品的抢购resp_json: {'type': '3', 'state': '11', 'url': ''}
2020-12-19 23:29:40,489 - 64236-MainThread - E:\git\crontab-script\jd_seckill\jd_spider_requests.py[line:193] - INFO: 抢购链接获取失败，稍后自动重试
2020-12-19 23:29:40,494 - 63052-MainThread - E:\git\crontab-script\jd_seckill\jd_spider_requests.py[line:179] - INFO: 获取商品的抢购resp_json: {'type': '3', 'state': '11', 'url': ''}
2020-12-19 23:29:40,494 - 63052-MainThread - E:\git\crontab-script\jd_seckill\jd_spider_requests.py[line:193] - INFO: 抢购链接获取失败，稍后自动重试
2020-12-19 23:29:40,576 - 63224-MainThread - E:\git\crontab-script\jd_seckill\jd_spider_requests.py[line:179] - INFO: 获取商品的抢购resp_json: {'type': '3', 'state': '11', 'url': ''}
2020-12-19 23:29:40,577 - 63224-MainThread - E:\git\crontab-script\jd_seckill\jd_spider_requests.py[line:193] - INFO: 抢购链接获取失败，稍后自动重试
2020-12-19 23:29:40,637 - 63624-MainThread - E:\git\crontab-script\jd_seckill\jd_spider_requests.py[line:179] - INFO: 获取商品的抢购resp_json: {'type': '3', 'state': '11', 'url': ''}
2020-12-19 23:29:40,637 - 63624-MainThread - E:\git\crontab-script\jd_seckill\jd_spider_requests.py[line:193] - INFO: 抢购链接获取失败，稍后自动重试
2020-12-19 23:29:40,710 - 64012-MainThread - E:\git\crontab-script\jd_seckill\jd_spider_requests.py[line:179] - INFO: 获取商品的抢购resp_json: {'type': '3', 'state': '11', 'url': ''}
2020-12-19 23:29:40,710 - 64012-MainThread - E:\git\crontab-script\jd_seckill\jd_spider_requests.py[line:193] - INFO: 抢购链接获取失败，稍后自动重试
2020-12-19 23:29:40,898 - 64236-MainThread - E:\git\crontab-script\jd_seckill\jd_spider_requests.py[line:179] - INFO: 获取商品的抢购resp_json: {'type': '3', 'state': '11', 'url': ''}
2020-12-19 23:29:40,898 - 64236-MainThread - E:\git\crontab-script\jd_seckill\jd_spider_requests.py[line:193] - INFO: 抢购链接获取失败，稍后自动重试
2020-12-19 23:29:40,913 - 63052-MainThread - E:\git\crontab-script\jd_seckill\jd_spider_requests.py[line:179] - INFO: 获取商品的抢购resp_json: {'type': '3', 'state': '11', 'url': ''}
2020-12-19 23:29:40,913 - 63052-MainThread - E:\git\crontab-script\jd_seckill\jd_spider_requests.py[line:193] - INFO: 抢购链接获取失败，稍后自动重试
2020-12-19 23:29:40,913 - 63224-MainThread - E:\git\crontab-script\jd_seckill\jd_spider_requests.py[line:179] - INFO: 获取商品的抢购resp_json: {'type': '3', 'state': '11', 'url': ''}
2020-12-19 23:29:40,913 - 63224-MainThread - E:\git\crontab-script\jd_seckill\jd_spider_requests.py[line:193] - INFO: 抢购链接获取失败，稍后自动重试
2020-12-19 23:29:41,033 - 63624-MainThread - E:\git\crontab-script\jd_seckill\jd_spider_requests.py[line:179] - INFO: 获取商品的抢购resp_json: {'type': '3', 'state': '11', 'url': ''}
2020-12-19 23:29:41,033 - 63624-MainThread - E:\git\crontab-script\jd_seckill\jd_spider_requests.py[line:193] - INFO: 抢购链接获取失败，稍后自动重试
2020-12-19 23:29:41,369 - 64012-MainThread - E:\git\crontab-script\jd_seckill\jd_spider_requests.py[line:179] - INFO: 获取商品的抢购resp_json: {'type': '3', 'state': '11', 'url': ''}
2020-12-19 23:29:41,369 - 64012-MainThread - E:\git\crontab-script\jd_seckill\jd_spider_requests.py[line:193] - INFO: 抢购链接获取失败，稍后自动重试
2020-12-19 23:29:41,902 - 63052-MainThread - E:\git\crontab-script\jd_seckill\jd_spider_requests.py[line:179] - INFO: 获取商品的抢购resp_json: {'type': '3', 'state': '11', 'url': ''}
2020-12-19 23:29:41,918 - 63224-MainThread - E:\git\crontab-script\jd_seckill\jd_spider_requests.py[line:179] - INFO: 获取商品的抢购resp_json: {'type': '3', 'state': '11', 'url': ''}
2020-12-19 23:29:41,918 - 63052-MainThread - E:\git\crontab-script\jd_seckill\jd_spider_requests.py[line:193] - INFO: 抢购链接获取失败，稍后自动重试
2020-12-19 23:29:41,918 - 63224-MainThread - E:\git\crontab-script\jd_seckill\jd_spider_requests.py[line:193] - INFO: 抢购链接获取失败，稍后自动重试
2020-12-19 23:29:41,960 - 63624-MainThread - E:\git\crontab-script\jd_seckill\jd_spider_requests.py[line:179] - INFO: 获取商品的抢购resp_json: {'type': '3', 'state': '11', 'url': ''}
2020-12-19 23:29:41,960 - 63624-MainThread - E:\git\crontab-script\jd_seckill\jd_spider_requests.py[line:193] - INFO: 抢购链接获取失败，稍后自动重试
2020-12-19 23:29:42,051 - 64012-MainThread - E:\git\crontab-script\jd_seckill\jd_spider_requests.py[line:179] - INFO: 获取商品的抢购resp_json: {'type': '3', 'state': '11', 'url': ''}
2020-12-19 23:29:42,052 - 64012-MainThread - E:\git\crontab-script\jd_seckill\jd_spider_requests.py[line:193] - INFO: 抢购链接获取失败，稍后自动重试
2020-12-19 23:29:42,214 - 63624-MainThread - E:\git\crontab-script\jd_seckill\jd_spider_requests.py[line:179] - INFO: 获取商品的抢购resp_json: {'type': '3', 'state': '11', 'url': ''}
2020-12-19 23:29:42,214 - 63624-MainThread - E:\git\crontab-script\jd_seckill\jd_spider_requests.py[line:193] - INFO: 抢购链接获取失败，稍后自动重试
2020-12-19 23:29:42,328 - 63224-MainThread - E:\git\crontab-script\jd_seckill\jd_spider_requests.py[line:179] - INFO: 获取商品的抢购resp_json: {'type': '3', 'state': '11', 'url': ''}
2020-12-19 23:29:42,328 - 63224-MainThread - E:\git\crontab-script\jd_seckill\jd_spider_requests.py[line:193] - INFO: 抢购链接获取失败，稍后自动重试
2020-12-19 23:29:42,951 - 63052-MainThread - E:\git\crontab-script\jd_seckill\jd_spider_requests.py[line:179] - INFO: 获取商品的抢购resp_json: {'type': '3', 'state': '11', 'url': ''}
2020-12-19 23:29:42,951 - 64012-MainThread - E:\git\crontab-script\jd_seckill\jd_spider_requests.py[line:179] - INFO: 获取商品的抢购resp_json: {'type': '3', 'state': '11', 'url': ''}
2020-12-19 23:29:42,951 - 63052-MainThread - E:\git\crontab-script\jd_seckill\jd_spider_requests.py[line:193] - INFO: 抢购链接获取失败，稍后自动重试
2020-12-19 23:29:42,951 - 64012-MainThread - E:\git\crontab-script\jd_seckill\jd_spider_requests.py[line:193] - INFO: 抢购链接获取失败，稍后自动重试
2020-12-19 23:29:43,001 - 63624-MainThread - E:\git\crontab-script\jd_seckill\jd_spider_requests.py[line:179] - INFO: 获取商品的抢购resp_json: {'type': '3', 'state': '11', 'url': ''}
2020-12-19 23:29:43,001 - 63624-MainThread - E:\git\crontab-script\jd_seckill\jd_spider_requests.py[line:193] - INFO: 抢购链接获取失败，稍后自动重试
2020-12-19 23:29:43,001 - 63224-MainThread - E:\git\crontab-script\jd_seckill\jd_spider_requests.py[line:179] - INFO: 获取商品的抢购resp_json: {'type': '3', 'state': '11', 'url': ''}
2020-12-19 23:29:43,001 - 63224-MainThread - E:\git\crontab-script\jd_seckill\jd_spider_requests.py[line:193] - INFO: 抢购链接获取失败，稍后自动重试
2020-12-19 23:29:43,019 - 64236-MainThread - E:\git\crontab-script\jd_seckill\jd_spider_requests.py[line:179] - INFO: 获取商品的抢购resp_json: {'type': '3', 'state': '11', 'url': ''}
2020-12-19 23:29:43,019 - 64236-MainThread - E:\git\crontab-script\jd_seckill\jd_spider_requests.py[line:193] - INFO: 抢购链接获取失败，稍后自动重试
2020-12-19 23:29:43,259 - 64012-MainThread - E:\git\crontab-script\jd_seckill\jd_spider_requests.py[line:179] - INFO: 获取商品的抢购resp_json: {'type': '3', 'state': '11', 'url': ''}
2020-12-19 23:29:43,259 - 64012-MainThread - E:\git\crontab-script\jd_seckill\jd_spider_requests.py[line:193] - INFO: 抢购链接获取失败，稍后自动重试
2020-12-19 23:29:43,328 - 63052-MainThread - E:\git\crontab-script\jd_seckill\jd_spider_requests.py[line:179] - INFO: 获取商品的抢购resp_json: {'type': '3', 'state': '11', 'url': ''}
2020-12-19 23:29:43,329 - 63052-MainThread - E:\git\crontab-script\jd_seckill\jd_spider_requests.py[line:193] - INFO: 抢购链接获取失败，稍后自动重试
2020-12-19 23:29:43,329 - 64236-MainThread - E:\git\crontab-script\jd_seckill\jd_spider_requests.py[line:179] - INFO: 获取商品的抢购resp_json: {'type': '3', 'state': '11', 'url': ''}
2020-12-19 23:29:43,329 - 64236-MainThread - E:\git\crontab-script\jd_seckill\jd_spider_requests.py[line:193] - INFO: 抢购链接获取失败，稍后自动重试
2020-12-19 23:29:43,367 - 63224-MainThread - E:\git\crontab-script\jd_seckill\jd_spider_requests.py[line:179] - INFO: 获取商品的抢购resp_json: {'type': '3', 'state': '11', 'url': ''}
2020-12-19 23:29:43,367 - 63224-MainThread - E:\git\crontab-script\jd_seckill\jd_spider_requests.py[line:193] - INFO: 抢购链接获取失败，稍后自动重试
2020-12-19 23:29:44,127 - 63224-MainThread - E:\git\crontab-script\jd_seckill\jd_spider_requests.py[line:179] - INFO: 获取商品的抢购resp_json: {'type': '3', 'state': '11', 'url': ''}
2020-12-19 23:29:44,127 - 64236-MainThread - E:\git\crontab-script\jd_seckill\jd_spider_requests.py[line:179] - INFO: 获取商品的抢购resp_json: {'type': '3', 'state': '11', 'url': ''}
2020-12-19 23:29:44,127 - 63052-MainThread - E:\git\crontab-script\jd_seckill\jd_spider_requests.py[line:179] - INFO: 获取商品的抢购resp_json: {'type': '3', 'state': '11', 'url': ''}
2020-12-19 23:29:44,127 - 63224-MainThread - E:\git\crontab-script\jd_seckill\jd_spider_requests.py[line:193] - INFO: 抢购链接获取失败，稍后自动重试
2020-12-19 23:29:44,127 - 64236-MainThread - E:\git\crontab-script\jd_seckill\jd_spider_requests.py[line:193] - INFO: 抢购链接获取失败，稍后自动重试
2020-12-19 23:29:44,127 - 63052-MainThread - E:\git\crontab-script\jd_seckill\jd_spider_requests.py[line:193] - INFO: 抢购链接获取失败，稍后自动重试
2020-12-19 23:29:44,737 - 63224-MainThread - E:\git\crontab-script\jd_seckill\jd_spider_requests.py[line:179] - INFO: 获取商品的抢购resp_json: {'type': '3', 'state': '11', 'url': ''}
2020-12-19 23:29:44,737 - 63224-MainThread - E:\git\crontab-script\jd_seckill\jd_spider_requests.py[line:193] - INFO: 抢购链接获取失败，稍后自动重试
2020-12-19 23:29:44,790 - 64012-MainThread - E:\git\crontab-script\jd_seckill\jd_spider_requests.py[line:179] - INFO: 获取商品的抢购resp_json: {'type': '3', 'state': '11', 'url': ''}
2020-12-19 23:29:44,791 - 64012-MainThread - E:\git\crontab-script\jd_seckill\jd_spider_requests.py[line:193] - INFO: 抢购链接获取失败，稍后自动重试
2020-12-19 23:29:44,838 - 63052-MainThread - E:\git\crontab-script\jd_seckill\jd_spider_requests.py[line:179] - INFO: 获取商品的抢购resp_json: {'type': '3', 'state': '11', 'url': ''}
2020-12-19 23:29:44,839 - 63052-MainThread - E:\git\crontab-script\jd_seckill\jd_spider_requests.py[line:193] - INFO: 抢购链接获取失败，稍后自动重试
2020-12-19 23:29:45,929 - 63052-MainThread - E:\git\crontab-script\jd_seckill\jd_spider_requests.py[line:179] - INFO: 获取商品的抢购resp_json: {'type': '3', 'state': '11', 'url': ''}
2020-12-19 23:29:45,929 - 63052-MainThread - E:\git\crontab-script\jd_seckill\jd_spider_requests.py[line:193] - INFO: 抢购链接获取失败，稍后自动重试
2020-12-19 23:29:45,958 - 63624-MainThread - E:\git\crontab-script\jd_seckill\jd_spider_requests.py[line:179] - INFO: 获取商品的抢购resp_json: {'type': '3', 'state': '11', 'url': ''}
2020-12-19 23:29:45,959 - 63624-MainThread - E:\git\crontab-script\jd_seckill\jd_spider_requests.py[line:193] - INFO: 抢购链接获取失败，稍后自动重试
2020-12-19 23:29:46,212 - 64012-MainThread - E:\git\crontab-script\jd_seckill\jd_spider_requests.py[line:179] - INFO: 获取商品的抢购resp_json: {'type': '3', 'state': '11', 'url': ''}
2020-12-19 23:29:46,212 - 64012-MainThread - E:\git\crontab-script\jd_seckill\jd_spider_requests.py[line:193] - INFO: 抢购链接获取失败，稍后自动重试
2020-12-19 23:29:46,290 - 64236-MainThread - E:\git\crontab-script\jd_seckill\jd_spider_requests.py[line:179] - INFO: 获取商品的抢购resp_json: {'type': '3', 'state': '11', 'url': ''}
2020-12-19 23:29:46,291 - 64236-MainThread - E:\git\crontab-script\jd_seckill\jd_spider_requests.py[line:193] - INFO: 抢购链接获取失败，稍后自动重试
2020-12-19 23:29:46,298 - 63624-MainThread - E:\git\crontab-script\jd_seckill\jd_spider_requests.py[line:179] - INFO: 获取商品的抢购resp_json: {'type': '3', 'state': '11', 'url': ''}
2020-12-19 23:29:46,298 - 63624-MainThread - E:\git\crontab-script\jd_seckill\jd_spider_requests.py[line:193] - INFO: 抢购链接获取失败，稍后自动重试
2020-12-19 23:29:47,466 - 63052-MainThread - E:\git\crontab-script\jd_seckill\jd_spider_requests.py[line:179] - INFO: 获取商品的抢购resp_json: {'type': '3', 'state': '11', 'url': ''}
2020-12-19 23:29:47,466 - 63052-MainThread - E:\git\crontab-script\jd_seckill\jd_spider_requests.py[line:193] - INFO: 抢购链接获取失败，稍后自动重试
2020-12-19 23:29:47,534 - 64236-MainThread - E:\git\crontab-script\jd_seckill\jd_spider_requests.py[line:179] - INFO: 获取商品的抢购resp_json: {'type': '3', 'state': '11', 'url': ''}
2020-12-19 23:29:47,535 - 64236-MainThread - E:\git\crontab-script\jd_seckill\jd_spider_requests.py[line:193] - INFO: 抢购链接获取失败，稍后自动重试
2020-12-19 23:29:47,536 - 63624-MainThread - E:\git\crontab-script\jd_seckill\jd_spider_requests.py[line:179] - INFO: 获取商品的抢购resp_json: {'type': '3', 'state': '11', 'url': ''}
2020-12-19 23:29:47,536 - 63624-MainThread - E:\git\crontab-script\jd_seckill\jd_spider_requests.py[line:193] - INFO: 抢购链接获取失败，稍后自动重试
2020-12-19 23:29:47,553 - 64012-MainThread - E:\git\crontab-script\jd_seckill\jd_spider_requests.py[line:179] - INFO: 获取商品的抢购resp_json: {'type': '3', 'state': '11', 'url': ''}
2020-12-19 23:29:47,554 - 64012-MainThread - E:\git\crontab-script\jd_seckill\jd_spider_requests.py[line:193] - INFO: 抢购链接获取失败，稍后自动重试
2020-12-19 23:29:47,911 - 63624-MainThread - E:\git\crontab-script\jd_seckill\jd_spider_requests.py[line:179] - INFO: 获取商品的抢购resp_json: {'type': '3', 'state': '11', 'url': ''}
2020-12-19 23:29:47,911 - 63624-MainThread - E:\git\crontab-script\jd_seckill\jd_spider_requests.py[line:193] - INFO: 抢购链接获取失败，稍后自动重试
2020-12-19 23:29:47,911 - 63052-MainThread - E:\git\crontab-script\jd_seckill\jd_spider_requests.py[line:179] - INFO: 获取商品的抢购resp_json: {'type': '3', 'state': '11', 'url': ''}
2020-12-19 23:29:47,911 - 63052-MainThread - E:\git\crontab-script\jd_seckill\jd_spider_requests.py[line:193] - INFO: 抢购链接获取失败，稍后自动重试
2020-12-19 23:29:47,998 - 64236-MainThread - E:\git\crontab-script\jd_seckill\jd_spider_requests.py[line:179] - INFO: 获取商品的抢购resp_json: {'type': '3', 'state': '11', 'url': ''}
2020-12-19 23:29:47,999 - 64236-MainThread - E:\git\crontab-script\jd_seckill\jd_spider_requests.py[line:193] - INFO: 抢购链接获取失败，稍后自动重试
2020-12-19 23:29:48,001 - 64012-MainThread - E:\git\crontab-script\jd_seckill\jd_spider_requests.py[line:179] - INFO: 获取商品的抢购resp_json: {'type': '3', 'state': '11', 'url': ''}
2020-12-19 23:29:48,001 - 64012-MainThread - E:\git\crontab-script\jd_seckill\jd_spider_requests.py[line:193] - INFO: 抢购链接获取失败，稍后自动重试
2020-12-19 23:29:48,616 - 63624-MainThread - E:\git\crontab-script\jd_seckill\jd_spider_requests.py[line:179] - INFO: 获取商品的抢购resp_json: {'type': '3', 'state': '11', 'url': ''}
2020-12-19 23:29:48,616 - 63624-MainThread - E:\git\crontab-script\jd_seckill\jd_spider_requests.py[line:193] - INFO: 抢购链接获取失败，稍后自动重试
2020-12-19 23:29:48,616 - 63052-MainThread - E:\git\crontab-script\jd_seckill\jd_spider_requests.py[line:179] - INFO: 获取商品的抢购resp_json: {'type': '3', 'state': '11', 'url': ''}
2020-12-19 23:29:48,616 - 63052-MainThread - E:\git\crontab-script\jd_seckill\jd_spider_requests.py[line:193] - INFO: 抢购链接获取失败，稍后自动重试
2020-12-19 23:29:48,762 - 63224-MainThread - E:\git\crontab-script\jd_seckill\jd_spider_requests.py[line:179] - INFO: 获取商品的抢购resp_json: {'type': '3', 'state': '11', 'url': ''}
2020-12-19 23:29:48,763 - 63224-MainThread - E:\git\crontab-script\jd_seckill\jd_spider_requests.py[line:193] - INFO: 抢购链接获取失败，稍后自动重试
2020-12-19 23:29:48,773 - 64236-MainThread - E:\git\crontab-script\jd_seckill\jd_spider_requests.py[line:179] - INFO: 获取商品的抢购resp_json: {'type': '3', 'state': '11', 'url': ''}
2020-12-19 23:29:48,773 - 64236-MainThread - E:\git\crontab-script\jd_seckill\jd_spider_requests.py[line:193] - INFO: 抢购链接获取失败，稍后自动重试
2020-12-19 23:29:48,774 - 64012-MainThread - E:\git\crontab-script\jd_seckill\jd_spider_requests.py[line:179] - INFO: 获取商品的抢购resp_json: {'type': '3', 'state': '11', 'url': ''}
2020-12-19 23:29:48,774 - 64012-MainThread - E:\git\crontab-script\jd_seckill\jd_spider_requests.py[line:193] - INFO: 抢购链接获取失败，稍后自动重试
2020-12-19 23:29:48,928 - 63052-MainThread - E:\git\crontab-script\jd_seckill\jd_spider_requests.py[line:179] - INFO: 获取商品的抢购resp_json: {'type': '3', 'state': '11', 'url': ''}
2020-12-19 23:29:48,928 - 63052-MainThread - E:\git\crontab-script\jd_seckill\jd_spider_requests.py[line:193] - INFO: 抢购链接获取失败，稍后自动重试
2020-12-19 23:29:49,032 - 63624-MainThread - E:\git\crontab-script\jd_seckill\jd_spider_requests.py[line:179] - INFO: 获取商品的抢购resp_json: {'type': '3', 'state': '11', 'url': ''}
2020-12-19 23:29:49,032 - 63624-MainThread - E:\git\crontab-script\jd_seckill\jd_spider_requests.py[line:193] - INFO: 抢购链接获取失败，稍后自动重试
2020-12-19 23:29:49,045 - 63224-MainThread - E:\git\crontab-script\jd_seckill\jd_spider_requests.py[line:179] - INFO: 获取商品的抢购resp_json: {'type': '3', 'state': '11', 'url': ''}
2020-12-19 23:29:49,045 - 63224-MainThread - E:\git\crontab-script\jd_seckill\jd_spider_requests.py[line:193] - INFO: 抢购链接获取失败，稍后自动重试
2020-12-19 23:29:49,113 - 64012-MainThread - E:\git\crontab-script\jd_seckill\jd_spider_requests.py[line:179] - INFO: 获取商品的抢购resp_json: {'type': '3', 'state': '11', 'url': ''}
2020-12-19 23:29:49,113 - 64012-MainThread - E:\git\crontab-script\jd_seckill\jd_spider_requests.py[line:193] - INFO: 抢购链接获取失败，稍后自动重试
2020-12-19 23:29:49,153 - 64236-MainThread - E:\git\crontab-script\jd_seckill\jd_spider_requests.py[line:179] - INFO: 获取商品的抢购resp_json: {'type': '3', 'state': '11', 'url': ''}
2020-12-19 23:29:49,153 - 64236-MainThread - E:\git\crontab-script\jd_seckill\jd_spider_requests.py[line:193] - INFO: 抢购链接获取失败，稍后自动重试
2020-12-19 23:29:49,266 - 63052-MainThread - E:\git\crontab-script\jd_seckill\jd_spider_requests.py[line:179] - INFO: 获取商品的抢购resp_json: {'type': '3', 'state': '11', 'url': ''}
2020-12-19 23:29:49,266 - 63052-MainThread - E:\git\crontab-script\jd_seckill\jd_spider_requests.py[line:193] - INFO: 抢购链接获取失败，稍后自动重试
2020-12-19 23:29:49,323 - 63624-MainThread - E:\git\crontab-script\jd_seckill\jd_spider_requests.py[line:179] - INFO: 获取商品的抢购resp_json: {'type': '3', 'state': '11', 'url': ''}
2020-12-19 23:29:49,324 - 63624-MainThread - E:\git\crontab-script\jd_seckill\jd_spider_requests.py[line:193] - INFO: 抢购链接获取失败，稍后自动重试
2020-12-19 23:29:49,402 - 63224-MainThread - E:\git\crontab-script\jd_seckill\jd_spider_requests.py[line:179] - INFO: 获取商品的抢购resp_json: {'type': '3', 'state': '11', 'url': ''}
2020-12-19 23:29:49,402 - 63224-MainThread - E:\git\crontab-script\jd_seckill\jd_spider_requests.py[line:193] - INFO: 抢购链接获取失败，稍后自动重试
2020-12-19 23:29:49,419 - 64012-MainThread - E:\git\crontab-script\jd_seckill\jd_spider_requests.py[line:179] - INFO: 获取商品的抢购resp_json: {'type': '3', 'state': '11', 'url': ''}
2020-12-19 23:29:49,419 - 64012-MainThread - E:\git\crontab-script\jd_seckill\jd_spider_requests.py[line:193] - INFO: 抢购链接获取失败，稍后自动重试
2020-12-19 23:29:49,442 - 64236-MainThread - E:\git\crontab-script\jd_seckill\jd_spider_requests.py[line:179] - INFO: 获取商品的抢购resp_json: {'type': '3', 'state': '11', 'url': ''}
2020-12-19 23:29:49,443 - 64236-MainThread - E:\git\crontab-script\jd_seckill\jd_spider_requests.py[line:193] - INFO: 抢购链接获取失败，稍后自动重试
2020-12-19 23:29:49,681 - 63224-MainThread - E:\git\crontab-script\jd_seckill\jd_spider_requests.py[line:179] - INFO: 获取商品的抢购resp_json: {'type': '3', 'state': '11', 'url': ''}
2020-12-19 23:29:49,681 - 63224-MainThread - E:\git\crontab-script\jd_seckill\jd_spider_requests.py[line:193] - INFO: 抢购链接获取失败，稍后自动重试
2020-12-19 23:29:49,681 - 63624-MainThread - E:\git\crontab-script\jd_seckill\jd_spider_requests.py[line:179] - INFO: 获取商品的抢购resp_json: {'type': '3', 'state': '11', 'url': ''}
2020-12-19 23:29:49,681 - 63624-MainThread - E:\git\crontab-script\jd_seckill\jd_spider_requests.py[line:193] - INFO: 抢购链接获取失败，稍后自动重试
2020-12-19 23:29:49,696 - 63052-MainThread - E:\git\crontab-script\jd_seckill\jd_spider_requests.py[line:179] - INFO: 获取商品的抢购resp_json: {'type': '3', 'state': '11', 'url': ''}
2020-12-19 23:29:49,696 - 63052-MainThread - E:\git\crontab-script\jd_seckill\jd_spider_requests.py[line:193] - INFO: 抢购链接获取失败，稍后自动重试
2020-12-19 23:29:49,754 - 64012-MainThread - E:\git\crontab-script\jd_seckill\jd_spider_requests.py[line:179] - INFO: 获取商品的抢购resp_json: {'type': '3', 'state': '11', 'url': ''}
2020-12-19 23:29:49,754 - 64012-MainThread - E:\git\crontab-script\jd_seckill\jd_spider_requests.py[line:193] - INFO: 抢购链接获取失败，稍后自动重试
2020-12-19 23:29:49,801 - 64236-MainThread - E:\git\crontab-script\jd_seckill\jd_spider_requests.py[line:179] - INFO: 获取商品的抢购resp_json: {'type': '3', 'state': '11', 'url': ''}
2020-12-19 23:29:49,801 - 64236-MainThread - E:\git\crontab-script\jd_seckill\jd_spider_requests.py[line:193] - INFO: 抢购链接获取失败，稍后自动重试
2020-12-19 23:29:50,001 - 63224-MainThread - E:\git\crontab-script\jd_seckill\jd_spider_requests.py[line:179] - INFO: 获取商品的抢购resp_json: {'type': '3', 'state': '11', 'url': ''}
2020-12-19 23:29:50,001 - 63224-MainThread - E:\git\crontab-script\jd_seckill\jd_spider_requests.py[line:193] - INFO: 抢购链接获取失败，稍后自动重试
2020-12-19 23:29:50,115 - 63052-MainThread - E:\git\crontab-script\jd_seckill\jd_spider_requests.py[line:179] - INFO: 获取商品的抢购resp_json: {'type': '3', 'state': '11', 'url': ''}
2020-12-19 23:29:50,115 - 63052-MainThread - E:\git\crontab-script\jd_seckill\jd_spider_requests.py[line:193] - INFO: 抢购链接获取失败，稍后自动重试
2020-12-19 23:29:50,134 - 63624-MainThread - E:\git\crontab-script\jd_seckill\jd_spider_requests.py[line:179] - INFO: 获取商品的抢购resp_json: {'type': '3', 'state': '11', 'url': ''}
2020-12-19 23:29:50,134 - 63624-MainThread - E:\git\crontab-script\jd_seckill\jd_spider_requests.py[line:193] - INFO: 抢购链接获取失败，稍后自动重试
2020-12-19 23:29:50,203 - 64236-MainThread - E:\git\crontab-script\jd_seckill\jd_spider_requests.py[line:179] - INFO: 获取商品的抢购resp_json: {'type': '3', 'state': '11', 'url': ''}
2020-12-19 23:29:50,203 - 64236-MainThread - E:\git\crontab-script\jd_seckill\jd_spider_requests.py[line:193] - INFO: 抢购链接获取失败，稍后自动重试
2020-12-19 23:29:50,213 - 64012-MainThread - E:\git\crontab-script\jd_seckill\jd_spider_requests.py[line:179] - INFO: 获取商品的抢购resp_json: {'type': '3', 'state': '11', 'url': ''}
2020-12-19 23:29:50,213 - 64012-MainThread - E:\git\crontab-script\jd_seckill\jd_spider_requests.py[line:193] - INFO: 抢购链接获取失败，稍后自动重试
2020-12-19 23:29:50,366 - 63224-MainThread - E:\git\crontab-script\jd_seckill\jd_spider_requests.py[line:179] - INFO: 获取商品的抢购resp_json: {'type': '3', 'state': '11', 'url': ''}
2020-12-19 23:29:50,366 - 63224-MainThread - E:\git\crontab-script\jd_seckill\jd_spider_requests.py[line:193] - INFO: 抢购链接获取失败，稍后自动重试
2020-12-19 23:29:50,467 - 64236-MainThread - E:\git\crontab-script\jd_seckill\jd_spider_requests.py[line:179] - INFO: 获取商品的抢购resp_json: {'type': '3', 'state': '11', 'url': ''}
2020-12-19 23:29:50,467 - 64236-MainThread - E:\git\crontab-script\jd_seckill\jd_spider_requests.py[line:193] - INFO: 抢购链接获取失败，稍后自动重试
2020-12-19 23:29:50,537 - 63052-MainThread - E:\git\crontab-script\jd_seckill\jd_spider_requests.py[line:179] - INFO: 获取商品的抢购resp_json: {'type': '3', 'state': '11', 'url': ''}
2020-12-19 23:29:50,538 - 63052-MainThread - E:\git\crontab-script\jd_seckill\jd_spider_requests.py[line:193] - INFO: 抢购链接获取失败，稍后自动重试
2020-12-19 23:29:50,567 - 63624-MainThread - E:\git\crontab-script\jd_seckill\jd_spider_requests.py[line:179] - INFO: 获取商品的抢购resp_json: {'type': '3', 'state': '11', 'url': ''}
2020-12-19 23:29:50,567 - 63624-MainThread - E:\git\crontab-script\jd_seckill\jd_spider_requests.py[line:193] - INFO: 抢购链接获取失败，稍后自动重试
2020-12-19 23:29:50,668 - 64012-MainThread - E:\git\crontab-script\jd_seckill\jd_spider_requests.py[line:179] - INFO: 获取商品的抢购resp_json: {'type': '3', 'state': '11', 'url': ''}
2020-12-19 23:29:50,668 - 64012-MainThread - E:\git\crontab-script\jd_seckill\jd_spider_requests.py[line:193] - INFO: 抢购链接获取失败，稍后自动重试
2020-12-19 23:29:50,740 - 63224-MainThread - E:\git\crontab-script\jd_seckill\jd_spider_requests.py[line:179] - INFO: 获取商品的抢购resp_json: {'type': '3', 'state': '11', 'url': ''}
2020-12-19 23:29:50,741 - 63224-MainThread - E:\git\crontab-script\jd_seckill\jd_spider_requests.py[line:193] - INFO: 抢购链接获取失败，稍后自动重试
2020-12-19 23:29:50,774 - 64236-MainThread - E:\git\crontab-script\jd_seckill\jd_spider_requests.py[line:179] - INFO: 获取商品的抢购resp_json: {'type': '3', 'state': '11', 'url': ''}
2020-12-19 23:29:50,774 - 64236-MainThread - E:\git\crontab-script\jd_seckill\jd_spider_requests.py[line:193] - INFO: 抢购链接获取失败，稍后自动重试
2020-12-19 23:29:50,883 - 63624-MainThread - E:\git\crontab-script\jd_seckill\jd_spider_requests.py[line:179] - INFO: 获取商品的抢购resp_json: {'type': '3', 'state': '11', 'url': ''}
2020-12-19 23:29:50,883 - 63624-MainThread - E:\git\crontab-script\jd_seckill\jd_spider_requests.py[line:193] - INFO: 抢购链接获取失败，稍后自动重试
2020-12-19 23:29:50,919 - 63052-MainThread - E:\git\crontab-script\jd_seckill\jd_spider_requests.py[line:179] - INFO: 获取商品的抢购resp_json: {'type': '3', 'state': '11', 'url': ''}
2020-12-19 23:29:50,919 - 63052-MainThread - E:\git\crontab-script\jd_seckill\jd_spider_requests.py[line:193] - INFO: 抢购链接获取失败，稍后自动重试
2020-12-19 23:29:51,033 - 64012-MainThread - E:\git\crontab-script\jd_seckill\jd_spider_requests.py[line:179] - INFO: 获取商品的抢购resp_json: {'type': '3', 'state': '11', 'url': ''}
2020-12-19 23:29:51,033 - 64012-MainThread - E:\git\crontab-script\jd_seckill\jd_spider_requests.py[line:193] - INFO: 抢购链接获取失败，稍后自动重试
2020-12-19 23:29:51,054 - 63224-MainThread - E:\git\crontab-script\jd_seckill\jd_spider_requests.py[line:179] - INFO: 获取商品的抢购resp_json: {'type': '3', 'state': '11', 'url': ''}
2020-12-19 23:29:51,054 - 63224-MainThread - E:\git\crontab-script\jd_seckill\jd_spider_requests.py[line:193] - INFO: 抢购链接获取失败，稍后自动重试
2020-12-19 23:29:51,077 - 64236-MainThread - E:\git\crontab-script\jd_seckill\jd_spider_requests.py[line:179] - INFO: 获取商品的抢购resp_json: {'type': '3', 'state': '11', 'url': ''}
2020-12-19 23:29:51,077 - 64236-MainThread - E:\git\crontab-script\jd_seckill\jd_spider_requests.py[line:193] - INFO: 抢购链接获取失败，稍后自动重试
2020-12-19 23:29:51,214 - 63052-MainThread - E:\git\crontab-script\jd_seckill\jd_spider_requests.py[line:179] - INFO: 获取商品的抢购resp_json: {'type': '3', 'state': '11', 'url': ''}
2020-12-19 23:29:51,214 - 63052-MainThread - E:\git\crontab-script\jd_seckill\jd_spider_requests.py[line:193] - INFO: 抢购链接获取失败，稍后自动重试
2020-12-19 23:29:51,296 - 63624-MainThread - E:\git\crontab-script\jd_seckill\jd_spider_requests.py[line:179] - INFO: 获取商品的抢购resp_json: {'type': '3', 'state': '11', 'url': ''}
2020-12-19 23:29:51,296 - 63624-MainThread - E:\git\crontab-script\jd_seckill\jd_spider_requests.py[line:193] - INFO: 抢购链接获取失败，稍后自动重试
2020-12-19 23:29:51,315 - 63224-MainThread - E:\git\crontab-script\jd_seckill\jd_spider_requests.py[line:179] - INFO: 获取商品的抢购resp_json: {'type': '3', 'state': '11', 'url': ''}
2020-12-19 23:29:51,315 - 63224-MainThread - E:\git\crontab-script\jd_seckill\jd_spider_requests.py[line:193] - INFO: 抢购链接获取失败，稍后自动重试
2020-12-19 23:29:51,393 - 64012-MainThread - E:\git\crontab-script\jd_seckill\jd_spider_requests.py[line:179] - INFO: 获取商品的抢购resp_json: {'type': '3', 'state': '11', 'url': ''}
2020-12-19 23:29:51,394 - 64012-MainThread - E:\git\crontab-script\jd_seckill\jd_spider_requests.py[line:193] - INFO: 抢购链接获取失败，稍后自动重试
2020-12-19 23:29:51,439 - 64236-MainThread - E:\git\crontab-script\jd_seckill\jd_spider_requests.py[line:179] - INFO: 获取商品的抢购resp_json: {'type': '3', 'state': '11', 'url': ''}
2020-12-19 23:29:51,440 - 64236-MainThread - E:\git\crontab-script\jd_seckill\jd_spider_requests.py[line:193] - INFO: 抢购链接获取失败，稍后自动重试
2020-12-19 23:29:51,597 - 63224-MainThread - E:\git\crontab-script\jd_seckill\jd_spider_requests.py[line:179] - INFO: 获取商品的抢购resp_json: {'type': '3', 'state': '11', 'url': ''}
2020-12-19 23:29:51,597 - 63224-MainThread - E:\git\crontab-script\jd_seckill\jd_spider_requests.py[line:193] - INFO: 抢购链接获取失败，稍后自动重试
2020-12-19 23:29:51,612 - 63052-MainThread - E:\git\crontab-script\jd_seckill\jd_spider_requests.py[line:179] - INFO: 获取商品的抢购resp_json: {'type': '3', 'state': '11', 'url': ''}
2020-12-19 23:29:51,612 - 63052-MainThread - E:\git\crontab-script\jd_seckill\jd_spider_requests.py[line:193] - INFO: 抢购链接获取失败，稍后自动重试
2020-12-19 23:29:51,743 - 63624-MainThread - E:\git\crontab-script\jd_seckill\jd_spider_requests.py[line:179] - INFO: 获取商品的抢购resp_json: {'type': '3', 'state': '11', 'url': ''}
2020-12-19 23:29:51,744 - 63624-MainThread - E:\git\crontab-script\jd_seckill\jd_spider_requests.py[line:193] - INFO: 抢购链接获取失败，稍后自动重试
2020-12-19 23:29:51,789 - 64236-MainThread - E:\git\crontab-script\jd_seckill\jd_spider_requests.py[line:179] - INFO: 获取商品的抢购resp_json: {'type': '3', 'state': '11', 'url': ''}
2020-12-19 23:29:51,790 - 64236-MainThread - E:\git\crontab-script\jd_seckill\jd_spider_requests.py[line:193] - INFO: 抢购链接获取失败，稍后自动重试
2020-12-19 23:29:51,819 - 64012-MainThread - E:\git\crontab-script\jd_seckill\jd_spider_requests.py[line:179] - INFO: 获取商品的抢购resp_json: {'type': '3', 'state': '11', 'url': ''}
2020-12-19 23:29:51,819 - 64012-MainThread - E:\git\crontab-script\jd_seckill\jd_spider_requests.py[line:193] - INFO: 抢购链接获取失败，稍后自动重试
2020-12-19 23:29:52,212 - 63052-MainThread - E:\git\crontab-script\jd_seckill\jd_spider_requests.py[line:179] - INFO: 获取商品的抢购resp_json: {'type': '3', 'state': '11', 'url': ''}
2020-12-19 23:29:52,212 - 63052-MainThread - E:\git\crontab-script\jd_seckill\jd_spider_requests.py[line:193] - INFO: 抢购链接获取失败，稍后自动重试
2020-12-19 23:29:52,283 - 63224-MainThread - E:\git\crontab-script\jd_seckill\jd_spider_requests.py[line:179] - INFO: 获取商品的抢购resp_json: {'type': '3', 'state': '11', 'url': ''}
2020-12-19 23:29:52,284 - 63224-MainThread - E:\git\crontab-script\jd_seckill\jd_spider_requests.py[line:193] - INFO: 抢购链接获取失败，稍后自动重试
2020-12-19 23:29:52,346 - 63624-MainThread - E:\git\crontab-script\jd_seckill\jd_spider_requests.py[line:179] - INFO: 获取商品的抢购resp_json: {'type': '3', 'state': '11', 'url': ''}
2020-12-19 23:29:52,346 - 63624-MainThread - E:\git\crontab-script\jd_seckill\jd_spider_requests.py[line:193] - INFO: 抢购链接获取失败，稍后自动重试
2020-12-19 23:29:52,639 - 64236-MainThread - E:\git\crontab-script\jd_seckill\jd_spider_requests.py[line:179] - INFO: 获取商品的抢购resp_json: {'type': '3', 'state': '11', 'url': ''}
2020-12-19 23:29:52,639 - 64236-MainThread - E:\git\crontab-script\jd_seckill\jd_spider_requests.py[line:193] - INFO: 抢购链接获取失败，稍后自动重试
2020-12-19 23:29:53,431 - 64236-MainThread - E:\git\crontab-script\jd_seckill\jd_spider_requests.py[line:179] - INFO: 获取商品的抢购resp_json: {'type': '3', 'state': '11', 'url': ''}
2020-12-19 23:29:53,431 - 64012-MainThread - E:\git\crontab-script\jd_seckill\jd_spider_requests.py[line:179] - INFO: 获取商品的抢购resp_json: {'type': '3', 'state': '11', 'url': ''}
2020-12-19 23:29:53,431 - 64236-MainThread - E:\git\crontab-script\jd_seckill\jd_spider_requests.py[line:193] - INFO: 抢购链接获取失败，稍后自动重试
2020-12-19 23:29:53,431 - 64012-MainThread - E:\git\crontab-script\jd_seckill\jd_spider_requests.py[line:193] - INFO: 抢购链接获取失败，稍后自动重试
2020-12-19 23:29:53,665 - 63224-MainThread - E:\git\crontab-script\jd_seckill\jd_spider_requests.py[line:179] - INFO: 获取商品的抢购resp_json: {'type': '3', 'state': '11', 'url': ''}
2020-12-19 23:29:53,665 - 63224-MainThread - E:\git\crontab-script\jd_seckill\jd_spider_requests.py[line:193] - INFO: 抢购链接获取失败，稍后自动重试
2020-12-19 23:29:53,811 - 64012-MainThread - E:\git\crontab-script\jd_seckill\jd_spider_requests.py[line:179] - INFO: 获取商品的抢购resp_json: {'type': '3', 'state': '11', 'url': ''}
2020-12-19 23:29:53,811 - 64236-MainThread - E:\git\crontab-script\jd_seckill\jd_spider_requests.py[line:179] - INFO: 获取商品的抢购resp_json: {'type': '3', 'state': '11', 'url': ''}
2020-12-19 23:29:53,811 - 64012-MainThread - E:\git\crontab-script\jd_seckill\jd_spider_requests.py[line:193] - INFO: 抢购链接获取失败，稍后自动重试
2020-12-19 23:29:53,811 - 64236-MainThread - E:\git\crontab-script\jd_seckill\jd_spider_requests.py[line:193] - INFO: 抢购链接获取失败，稍后自动重试
2020-12-19 23:29:53,932 - 63052-MainThread - E:\git\crontab-script\jd_seckill\jd_spider_requests.py[line:179] - INFO: 获取商品的抢购resp_json: {'type': '3', 'state': '11', 'url': ''}
2020-12-19 23:29:53,932 - 63052-MainThread - E:\git\crontab-script\jd_seckill\jd_spider_requests.py[line:193] - INFO: 抢购链接获取失败，稍后自动重试
2020-12-19 23:29:54,175 - 63624-MainThread - E:\git\crontab-script\jd_seckill\jd_spider_requests.py[line:179] - INFO: 获取商品的抢购resp_json: {'type': '3', 'state': '11', 'url': ''}
2020-12-19 23:29:54,175 - 63624-MainThread - E:\git\crontab-script\jd_seckill\jd_spider_requests.py[line:193] - INFO: 抢购链接获取失败，稍后自动重试
2020-12-19 23:29:57,152 - 63224-MainThread - E:\git\crontab-script\jd_seckill\jd_spider_requests.py[line:179] - INFO: 获取商品的抢购resp_json: {'type': '3', 'state': '11', 'url': ''}
2020-12-19 23:29:57,152 - 63224-MainThread - E:\git\crontab-script\jd_seckill\jd_spider_requests.py[line:193] - INFO: 抢购链接获取失败，稍后自动重试
2020-12-19 23:29:57,639 - 63052-MainThread - E:\git\crontab-script\jd_seckill\jd_spider_requests.py[line:179] - INFO: 获取商品的抢购resp_json: {'type': '3', 'state': '11', 'url': ''}
2020-12-19 23:29:57,639 - 63052-MainThread - E:\git\crontab-script\jd_seckill\jd_spider_requests.py[line:193] - INFO: 抢购链接获取失败，稍后自动重试
2020-12-19 23:29:57,654 - 64012-MainThread - E:\git\crontab-script\jd_seckill\jd_spider_requests.py[line:179] - INFO: 获取商品的抢购resp_json: {'type': '3', 'state': '11', 'url': ''}
2020-12-19 23:29:57,654 - 64012-MainThread - E:\git\crontab-script\jd_seckill\jd_spider_requests.py[line:193] - INFO: 抢购链接获取失败，稍后自动重试
2020-12-19 23:29:58,157 - 63224-MainThread - E:\git\crontab-script\jd_seckill\jd_spider_requests.py[line:179] - INFO: 获取商品的抢购resp_json: {'type': '3', 'state': '11', 'url': ''}
2020-12-19 23:29:58,157 - 63224-MainThread - E:\git\crontab-script\jd_seckill\jd_spider_requests.py[line:193] - INFO: 抢购链接获取失败，稍后自动重试
2020-12-19 23:29:58,281 - 63052-MainThread - E:\git\crontab-script\jd_seckill\jd_spider_requests.py[line:179] - INFO: 获取商品的抢购resp_json: {'type': '3', 'state': '11', 'url': ''}
2020-12-19 23:29:58,281 - 64012-MainThread - E:\git\crontab-script\jd_seckill\jd_spider_requests.py[line:179] - INFO: 获取商品的抢购resp_json: {'type': '3', 'state': '11', 'url': ''}
2020-12-19 23:29:58,281 - 63052-MainThread - E:\git\crontab-script\jd_seckill\jd_spider_requests.py[line:193] - INFO: 抢购链接获取失败，稍后自动重试
2020-12-19 23:29:58,281 - 64012-MainThread - E:\git\crontab-script\jd_seckill\jd_spider_requests.py[line:193] - INFO: 抢购链接获取失败，稍后自动重试
2020-12-19 23:29:58,489 - 63224-MainThread - E:\git\crontab-script\jd_seckill\jd_spider_requests.py[line:179] - INFO: 获取商品的抢购resp_json: {'type': '3', 'state': '11', 'url': ''}
2020-12-19 23:29:58,489 - 63224-MainThread - E:\git\crontab-script\jd_seckill\jd_spider_requests.py[line:193] - INFO: 抢购链接获取失败，稍后自动重试
2020-12-19 23:29:58,911 - 64012-MainThread - E:\git\crontab-script\jd_seckill\jd_spider_requests.py[line:179] - INFO: 获取商品的抢购resp_json: {'type': '3', 'state': '11', 'url': ''}
2020-12-19 23:29:58,926 - 64012-MainThread - E:\git\crontab-script\jd_seckill\jd_spider_requests.py[line:193] - INFO: 抢购链接获取失败，稍后自动重试
2020-12-19 23:29:58,926 - 63224-MainThread - E:\git\crontab-script\jd_seckill\jd_spider_requests.py[line:179] - INFO: 获取商品的抢购resp_json: {'type': '3', 'state': '11', 'url': ''}
2020-12-19 23:29:58,926 - 63224-MainThread - E:\git\crontab-script\jd_seckill\jd_spider_requests.py[line:193] - INFO: 抢购链接获取失败，稍后自动重试
2020-12-19 23:29:58,948 - 63052-MainThread - E:\git\crontab-script\jd_seckill\jd_spider_requests.py[line:179] - INFO: 获取商品的抢购resp_json: {'type': '3', 'state': '11', 'url': ''}
2020-12-19 23:29:58,948 - 63052-MainThread - E:\git\crontab-script\jd_seckill\jd_spider_requests.py[line:193] - INFO: 抢购链接获取失败，稍后自动重试
2020-12-19 23:29:58,979 - 63624-MainThread - E:\git\crontab-script\jd_seckill\jd_spider_requests.py[line:179] - INFO: 获取商品的抢购resp_json: {'type': '3', 'state': '11', 'url': ''}
2020-12-19 23:29:58,980 - 63624-MainThread - E:\git\crontab-script\jd_seckill\jd_spider_requests.py[line:193] - INFO: 抢购链接获取失败，稍后自动重试
2020-12-19 23:29:59,239 - 63052-MainThread - E:\git\crontab-script\jd_seckill\jd_spider_requests.py[line:179] - INFO: 获取商品的抢购resp_json: {'type': '3', 'state': '11', 'url': ''}
2020-12-19 23:29:59,239 - 63052-MainThread - E:\git\crontab-script\jd_seckill\jd_spider_requests.py[line:193] - INFO: 抢购链接获取失败，稍后自动重试
2020-12-19 23:29:59,254 - 64012-MainThread - E:\git\crontab-script\jd_seckill\jd_spider_requests.py[line:179] - INFO: 获取商品的抢购resp_json: {'type': '3', 'state': '11', 'url': ''}
2020-12-19 23:29:59,254 - 64012-MainThread - E:\git\crontab-script\jd_seckill\jd_spider_requests.py[line:193] - INFO: 抢购链接获取失败，稍后自动重试
2020-12-19 23:29:59,396 - 63224-MainThread - E:\git\crontab-script\jd_seckill\jd_spider_requests.py[line:179] - INFO: 获取商品的抢购resp_json: {'type': '3', 'state': '11', 'url': ''}
2020-12-19 23:29:59,396 - 63224-MainThread - E:\git\crontab-script\jd_seckill\jd_spider_requests.py[line:193] - INFO: 抢购链接获取失败，稍后自动重试
2020-12-19 23:29:59,450 - 63624-MainThread - E:\git\crontab-script\jd_seckill\jd_spider_requests.py[line:179] - INFO: 获取商品的抢购resp_json: {'type': '3', 'state': '11', 'url': ''}
2020-12-19 23:29:59,450 - 63624-MainThread - E:\git\crontab-script\jd_seckill\jd_spider_requests.py[line:193] - INFO: 抢购链接获取失败，稍后自动重试
2020-12-19 23:29:59,499 - 63052-MainThread - E:\git\crontab-script\jd_seckill\jd_spider_requests.py[line:179] - INFO: 获取商品的抢购resp_json: {'type': '3', 'state': '11', 'url': ''}
2020-12-19 23:29:59,500 - 63052-MainThread - E:\git\crontab-script\jd_seckill\jd_spider_requests.py[line:193] - INFO: 抢购链接获取失败，稍后自动重试
2020-12-19 23:29:59,597 - 64236-MainThread - E:\git\crontab-script\jd_seckill\jd_spider_requests.py[line:179] - INFO: 获取商品的抢购resp_json: {'type': '3', 'state': '11', 'url': ''}
2020-12-19 23:29:59,597 - 64236-MainThread - E:\git\crontab-script\jd_seckill\jd_spider_requests.py[line:193] - INFO: 抢购链接获取失败，稍后自动重试
2020-12-19 23:29:59,713 - 64012-MainThread - E:\git\crontab-script\jd_seckill\jd_spider_requests.py[line:179] - INFO: 获取商品的抢购resp_json: {'type': '3', 'state': '11', 'url': ''}
2020-12-19 23:29:59,713 - 64012-MainThread - E:\git\crontab-script\jd_seckill\jd_spider_requests.py[line:193] - INFO: 抢购链接获取失败，稍后自动重试
2020-12-19 23:29:59,827 - 63052-MainThread - E:\git\crontab-script\jd_seckill\jd_spider_requests.py[line:179] - INFO: 获取商品的抢购resp_json: {'type': '3', 'state': '11', 'url': ''}
2020-12-19 23:29:59,827 - 63052-MainThread - E:\git\crontab-script\jd_seckill\jd_spider_requests.py[line:193] - INFO: 抢购链接获取失败，稍后自动重试
2020-12-19 23:29:59,879 - 63624-MainThread - E:\git\crontab-script\jd_seckill\jd_spider_requests.py[line:179] - INFO: 获取商品的抢购resp_json: {'type': '3', 'state': '11', 'url': ''}
2020-12-19 23:29:59,879 - 63624-MainThread - E:\git\crontab-script\jd_seckill\jd_spider_requests.py[line:193] - INFO: 抢购链接获取失败，稍后自动重试
2020-12-19 23:29:59,939 - 64236-MainThread - E:\git\crontab-script\jd_seckill\jd_spider_requests.py[line:179] - INFO: 获取商品的抢购resp_json: {'type': '3', 'state': '11', 'url': ''}
2020-12-19 23:29:59,940 - 64236-MainThread - E:\git\crontab-script\jd_seckill\jd_spider_requests.py[line:193] - INFO: 抢购链接获取失败，稍后自动重试
2020-12-19 23:30:00,019 - 64012-MainThread - E:\git\crontab-script\jd_seckill\jd_spider_requests.py[line:179] - INFO: 获取商品的抢购resp_json: {'type': '3', 'state': '11', 'url': ''}
2020-12-19 23:30:00,020 - 64012-MainThread - E:\git\crontab-script\jd_seckill\jd_spider_requests.py[line:193] - INFO: 抢购链接获取失败，稍后自动重试
2020-12-19 23:30:00,026 - 63224-MainThread - E:\git\crontab-script\jd_seckill\jd_spider_requests.py[line:179] - INFO: 获取商品的抢购resp_json: {'type': '3', 'state': '11', 'url': ''}
2020-12-19 23:30:00,026 - 63224-MainThread - E:\git\crontab-script\jd_seckill\jd_spider_requests.py[line:193] - INFO: 抢购链接获取失败，稍后自动重试
2020-12-19 23:30:00,207 - 63052-MainThread - E:\git\crontab-script\jd_seckill\jd_spider_requests.py[line:179] - INFO: 获取商品的抢购resp_json: {'type': '3', 'state': '11', 'url': ''}
2020-12-19 23:30:00,207 - 63052-MainThread - E:\git\crontab-script\jd_seckill\jd_spider_requests.py[line:193] - INFO: 抢购链接获取失败，稍后自动重试
2020-12-19 23:30:00,212 - 63624-MainThread - E:\git\crontab-script\jd_seckill\jd_spider_requests.py[line:179] - INFO: 获取商品的抢购resp_json: {'type': '3', 'state': '11', 'url': ''}
2020-12-19 23:30:00,214 - 63624-MainThread - E:\git\crontab-script\jd_seckill\jd_spider_requests.py[line:193] - INFO: 抢购链接获取失败，稍后自动重试
2020-12-19 23:30:00,298 - 64236-MainThread - E:\git\crontab-script\jd_seckill\jd_spider_requests.py[line:179] - INFO: 获取商品的抢购resp_json: {'type': '3', 'state': '11', 'url': ''}
2020-12-19 23:30:00,298 - 64236-MainThread - E:\git\crontab-script\jd_seckill\jd_spider_requests.py[line:193] - INFO: 抢购链接获取失败，稍后自动重试
2020-12-19 23:30:00,340 - 63224-MainThread - E:\git\crontab-script\jd_seckill\jd_spider_requests.py[line:179] - INFO: 获取商品的抢购resp_json: {'type': '3', 'state': '11', 'url': ''}
2020-12-19 23:30:00,340 - 63224-MainThread - E:\git\crontab-script\jd_seckill\jd_spider_requests.py[line:193] - INFO: 抢购链接获取失败，稍后自动重试
2020-12-19 23:30:00,446 - 64012-MainThread - E:\git\crontab-script\jd_seckill\jd_spider_requests.py[line:179] - INFO: 获取商品的抢购resp_json: {'type': '3', 'state': '11', 'url': ''}
2020-12-19 23:30:00,446 - 64012-MainThread - E:\git\crontab-script\jd_seckill\jd_spider_requests.py[line:193] - INFO: 抢购链接获取失败，稍后自动重试
2020-12-19 23:30:00,655 - 63052-MainThread - E:\git\crontab-script\jd_seckill\jd_spider_requests.py[line:179] - INFO: 获取商品的抢购resp_json: {'type': '3', 'state': '11', 'url': ''}
2020-12-19 23:30:00,655 - 63052-MainThread - E:\git\crontab-script\jd_seckill\jd_spider_requests.py[line:193] - INFO: 抢购链接获取失败，稍后自动重试
2020-12-19 23:30:00,679 - 63624-MainThread - E:\git\crontab-script\jd_seckill\jd_spider_requests.py[line:179] - INFO: 获取商品的抢购resp_json: {'type': '3', 'state': '11', 'url': ''}
2020-12-19 23:30:00,679 - 63624-MainThread - E:\git\crontab-script\jd_seckill\jd_spider_requests.py[line:193] - INFO: 抢购链接获取失败，稍后自动重试
2020-12-19 23:30:00,699 - 64236-MainThread - E:\git\crontab-script\jd_seckill\jd_spider_requests.py[line:179] - INFO: 获取商品的抢购resp_json: {'type': '3', 'state': '11', 'url': ''}
2020-12-19 23:30:00,700 - 64236-MainThread - E:\git\crontab-script\jd_seckill\jd_spider_requests.py[line:193] - INFO: 抢购链接获取失败，稍后自动重试
2020-12-19 23:30:00,799 - 64012-MainThread - E:\git\crontab-script\jd_seckill\jd_spider_requests.py[line:179] - INFO: 获取商品的抢购resp_json: {'type': '3', 'state': '11', 'url': ''}
2020-12-19 23:30:00,800 - 64012-MainThread - E:\git\crontab-script\jd_seckill\jd_spider_requests.py[line:193] - INFO: 抢购链接获取失败，稍后自动重试
2020-12-19 23:30:00,813 - 63224-MainThread - E:\git\crontab-script\jd_seckill\jd_spider_requests.py[line:179] - INFO: 获取商品的抢购resp_json: {'type': '3', 'state': '11', 'url': ''}
2020-12-19 23:30:00,813 - 63224-MainThread - E:\git\crontab-script\jd_seckill\jd_spider_requests.py[line:193] - INFO: 抢购链接获取失败，稍后自动重试
2020-12-19 23:30:01,009 - 63052-MainThread - E:\git\crontab-script\jd_seckill\jd_spider_requests.py[line:179] - INFO: 获取商品的抢购resp_json: {'type': '3', 'state': '11', 'url': ''}
2020-12-19 23:30:01,009 - 63052-MainThread - E:\git\crontab-script\jd_seckill\jd_spider_requests.py[line:193] - INFO: 抢购链接获取失败，稍后自动重试
2020-12-19 23:30:01,090 - 63624-MainThread - E:\git\crontab-script\jd_seckill\jd_spider_requests.py[line:179] - INFO: 获取商品的抢购resp_json: {'type': '3', 'state': '11', 'url': ''}
2020-12-19 23:30:01,090 - 63624-MainThread - E:\git\crontab-script\jd_seckill\jd_spider_requests.py[line:193] - INFO: 抢购链接获取失败，稍后自动重试
2020-12-19 23:30:01,096 - 64236-MainThread - E:\git\crontab-script\jd_seckill\jd_spider_requests.py[line:179] - INFO: 获取商品的抢购resp_json: {'type': '3', 'state': '11', 'url': ''}
2020-12-19 23:30:01,096 - 64236-MainThread - E:\git\crontab-script\jd_seckill\jd_spider_requests.py[line:193] - INFO: 抢购链接获取失败，稍后自动重试
2020-12-19 23:30:01,128 - 63224-MainThread - E:\git\crontab-script\jd_seckill\jd_spider_requests.py[line:179] - INFO: 获取商品的抢购resp_json: {'type': '3', 'state': '11', 'url': ''}
2020-12-19 23:30:01,128 - 63224-MainThread - E:\git\crontab-script\jd_seckill\jd_spider_requests.py[line:193] - INFO: 抢购链接获取失败，稍后自动重试
2020-12-19 23:30:01,181 - 64012-MainThread - E:\git\crontab-script\jd_seckill\jd_spider_requests.py[line:179] - INFO: 获取商品的抢购resp_json: {'type': '3', 'state': '11', 'url': ''}
2020-12-19 23:30:01,181 - 64012-MainThread - E:\git\crontab-script\jd_seckill\jd_spider_requests.py[line:193] - INFO: 抢购链接获取失败，稍后自动重试
2020-12-19 23:30:01,372 - 63052-MainThread - E:\git\crontab-script\jd_seckill\jd_spider_requests.py[line:179] - INFO: 获取商品的抢购resp_json: {'type': '3', 'state': '11', 'url': ''}
2020-12-19 23:30:01,372 - 63052-MainThread - E:\git\crontab-script\jd_seckill\jd_spider_requests.py[line:193] - INFO: 抢购链接获取失败，稍后自动重试
2020-12-19 23:30:01,440 - 64236-MainThread - E:\git\crontab-script\jd_seckill\jd_spider_requests.py[line:179] - INFO: 获取商品的抢购resp_json: {'type': '3', 'state': '11', 'url': ''}
2020-12-19 23:30:01,440 - 64236-MainThread - E:\git\crontab-script\jd_seckill\jd_spider_requests.py[line:193] - INFO: 抢购链接获取失败，稍后自动重试
2020-12-19 23:30:01,449 - 63624-MainThread - E:\git\crontab-script\jd_seckill\jd_spider_requests.py[line:179] - INFO: 获取商品的抢购resp_json: {'type': '3', 'state': '11', 'url': ''}
2020-12-19 23:30:01,449 - 63624-MainThread - E:\git\crontab-script\jd_seckill\jd_spider_requests.py[line:193] - INFO: 抢购链接获取失败，稍后自动重试
2020-12-19 23:30:01,450 - 64012-MainThread - E:\git\crontab-script\jd_seckill\jd_spider_requests.py[line:179] - INFO: 获取商品的抢购resp_json: {'type': '3', 'state': '11', 'url': ''}
2020-12-19 23:30:01,450 - 64012-MainThread - E:\git\crontab-script\jd_seckill\jd_spider_requests.py[line:193] - INFO: 抢购链接获取失败，稍后自动重试
2020-12-19 23:30:01,545 - 63224-MainThread - E:\git\crontab-script\jd_seckill\jd_spider_requests.py[line:179] - INFO: 获取商品的抢购resp_json: {'type': '3', 'state': '11', 'url': ''}
2020-12-19 23:30:01,546 - 63224-MainThread - E:\git\crontab-script\jd_seckill\jd_spider_requests.py[line:193] - INFO: 抢购链接获取失败，稍后自动重试
2020-12-19 23:30:01,863 - 63624-MainThread - E:\git\crontab-script\jd_seckill\jd_spider_requests.py[line:179] - INFO: 获取商品的抢购resp_json: {'type': '3', 'state': '11', 'url': ''}
2020-12-19 23:30:01,863 - 63624-MainThread - E:\git\crontab-script\jd_seckill\jd_spider_requests.py[line:193] - INFO: 抢购链接获取失败，稍后自动重试
2020-12-19 23:30:01,886 - 63052-MainThread - E:\git\crontab-script\jd_seckill\jd_spider_requests.py[line:179] - INFO: 获取商品的抢购resp_json: {'type': '3', 'state': '11', 'url': ''}
2020-12-19 23:30:01,887 - 64236-MainThread - E:\git\crontab-script\jd_seckill\jd_spider_requests.py[line:179] - INFO: 获取商品的抢购resp_json: {'type': '3', 'state': '11', 'url': ''}
2020-12-19 23:30:01,887 - 64012-MainThread - E:\git\crontab-script\jd_seckill\jd_spider_requests.py[line:179] - INFO: 获取商品的抢购resp_json: {'type': '3', 'state': '11', 'url': ''}
2020-12-19 23:30:01,887 - 63052-MainThread - E:\git\crontab-script\jd_seckill\jd_spider_requests.py[line:193] - INFO: 抢购链接获取失败，稍后自动重试
2020-12-19 23:30:01,888 - 64236-MainThread - E:\git\crontab-script\jd_seckill\jd_spider_requests.py[line:193] - INFO: 抢购链接获取失败，稍后自动重试
2020-12-19 23:30:01,889 - 64012-MainThread - E:\git\crontab-script\jd_seckill\jd_spider_requests.py[line:193] - INFO: 抢购链接获取失败，稍后自动重试
2020-12-19 23:30:02,013 - 63224-MainThread - E:\git\crontab-script\jd_seckill\jd_spider_requests.py[line:179] - INFO: 获取商品的抢购resp_json: {'type': '3', 'state': '11', 'url': ''}
2020-12-19 23:30:02,028 - 63224-MainThread - E:\git\crontab-script\jd_seckill\jd_spider_requests.py[line:193] - INFO: 抢购链接获取失败，稍后自动重试
2020-12-19 23:30:02,207 - 63624-MainThread - E:\git\crontab-script\jd_seckill\jd_spider_requests.py[line:179] - INFO: 获取商品的抢购resp_json: {'type': '3', 'state': '11', 'url': ''}
2020-12-19 23:30:02,207 - 63624-MainThread - E:\git\crontab-script\jd_seckill\jd_spider_requests.py[line:193] - INFO: 抢购链接获取失败，稍后自动重试
2020-12-19 23:30:02,243 - 64236-MainThread - E:\git\crontab-script\jd_seckill\jd_spider_requests.py[line:179] - INFO: 获取商品的抢购resp_json: {'type': '3', 'state': '11', 'url': ''}
2020-12-19 23:30:02,243 - 63052-MainThread - E:\git\crontab-script\jd_seckill\jd_spider_requests.py[line:179] - INFO: 获取商品的抢购resp_json: {'type': '3', 'state': '11', 'url': ''}
2020-12-19 23:30:02,244 - 64236-MainThread - E:\git\crontab-script\jd_seckill\jd_spider_requests.py[line:193] - INFO: 抢购链接获取失败，稍后自动重试
2020-12-19 23:30:02,244 - 63052-MainThread - E:\git\crontab-script\jd_seckill\jd_spider_requests.py[line:193] - INFO: 抢购链接获取失败，稍后自动重试
2020-12-19 23:30:02,268 - 64012-MainThread - E:\git\crontab-script\jd_seckill\jd_spider_requests.py[line:179] - INFO: 获取商品的抢购resp_json: {'type': '3', 'state': '11', 'url': ''}
2020-12-19 23:30:02,268 - 64012-MainThread - E:\git\crontab-script\jd_seckill\jd_spider_requests.py[line:193] - INFO: 抢购链接获取失败，稍后自动重试
2020-12-19 23:30:02,439 - 63224-MainThread - E:\git\crontab-script\jd_seckill\jd_spider_requests.py[line:179] - INFO: 获取商品的抢购resp_json: {'type': '3', 'state': '11', 'url': ''}
2020-12-19 23:30:02,439 - 63224-MainThread - E:\git\crontab-script\jd_seckill\jd_spider_requests.py[line:193] - INFO: 抢购链接获取失败，稍后自动重试
2020-12-19 23:30:02,561 - 63624-MainThread - E:\git\crontab-script\jd_seckill\jd_spider_requests.py[line:179] - INFO: 获取商品的抢购resp_json: {'type': '3', 'state': '11', 'url': ''}
2020-12-19 23:30:02,561 - 63624-MainThread - E:\git\crontab-script\jd_seckill\jd_spider_requests.py[line:193] - INFO: 抢购链接获取失败，稍后自动重试
2020-12-19 23:30:02,599 - 63052-MainThread - E:\git\crontab-script\jd_seckill\jd_spider_requests.py[line:179] - INFO: 获取商品的抢购resp_json: {'type': '3', 'state': '11', 'url': ''}
2020-12-19 23:30:02,600 - 63052-MainThread - E:\git\crontab-script\jd_seckill\jd_spider_requests.py[line:193] - INFO: 抢购链接获取失败，稍后自动重试
2020-12-19 23:30:02,602 - 64012-MainThread - E:\git\crontab-script\jd_seckill\jd_spider_requests.py[line:179] - INFO: 获取商品的抢购resp_json: {'type': '3', 'state': '11', 'url': ''}
2020-12-19 23:30:02,602 - 64012-MainThread - E:\git\crontab-script\jd_seckill\jd_spider_requests.py[line:193] - INFO: 抢购链接获取失败，稍后自动重试
2020-12-19 23:30:02,729 - 64236-MainThread - E:\git\crontab-script\jd_seckill\jd_spider_requests.py[line:179] - INFO: 获取商品的抢购resp_json: {'type': '3', 'state': '11', 'url': ''}
2020-12-19 23:30:02,729 - 64236-MainThread - E:\git\crontab-script\jd_seckill\jd_spider_requests.py[line:193] - INFO: 抢购链接获取失败，稍后自动重试
2020-12-19 23:30:02,783 - 63224-MainThread - E:\git\crontab-script\jd_seckill\jd_spider_requests.py[line:179] - INFO: 获取商品的抢购resp_json: {'type': '3', 'state': '11', 'url': ''}
2020-12-19 23:30:02,783 - 63224-MainThread - E:\git\crontab-script\jd_seckill\jd_spider_requests.py[line:193] - INFO: 抢购链接获取失败，稍后自动重试
2020-12-19 23:30:02,881 - 63624-MainThread - E:\git\crontab-script\jd_seckill\jd_spider_requests.py[line:179] - INFO: 获取商品的抢购resp_json: {'type': '3', 'state': '11', 'url': ''}
2020-12-19 23:30:02,881 - 63624-MainThread - E:\git\crontab-script\jd_seckill\jd_spider_requests.py[line:193] - INFO: 抢购链接获取失败，稍后自动重试
2020-12-19 23:30:02,900 - 63052-MainThread - E:\git\crontab-script\jd_seckill\jd_spider_requests.py[line:179] - INFO: 获取商品的抢购resp_json: {'type': '3', 'state': '11', 'url': ''}
2020-12-19 23:30:02,901 - 63052-MainThread - E:\git\crontab-script\jd_seckill\jd_spider_requests.py[line:193] - INFO: 抢购链接获取失败，稍后自动重试
2020-12-19 23:30:02,959 - 64012-MainThread - E:\git\crontab-script\jd_seckill\jd_spider_requests.py[line:179] - INFO: 获取商品的抢购resp_json: {'type': '3', 'state': '11', 'url': ''}
2020-12-19 23:30:02,960 - 64012-MainThread - E:\git\crontab-script\jd_seckill\jd_spider_requests.py[line:193] - INFO: 抢购链接获取失败，稍后自动重试
2020-12-19 23:30:03,086 - 64236-MainThread - E:\git\crontab-script\jd_seckill\jd_spider_requests.py[line:179] - INFO: 获取商品的抢购resp_json: {'type': '3', 'state': '11', 'url': ''}
2020-12-19 23:30:03,087 - 64236-MainThread - E:\git\crontab-script\jd_seckill\jd_spider_requests.py[line:193] - INFO: 抢购链接获取失败，稍后自动重试
2020-12-19 23:30:03,111 - 63224-MainThread - E:\git\crontab-script\jd_seckill\jd_spider_requests.py[line:179] - INFO: 获取商品的抢购resp_json: {'type': '3', 'state': '11', 'url': ''}
2020-12-19 23:30:03,112 - 63224-MainThread - E:\git\crontab-script\jd_seckill\jd_spider_requests.py[line:193] - INFO: 抢购链接获取失败，稍后自动重试
2020-12-19 23:30:03,306 - 63052-MainThread - E:\git\crontab-script\jd_seckill\jd_spider_requests.py[line:179] - INFO: 获取商品的抢购resp_json: {'type': '3', 'state': '11', 'url': ''}
2020-12-19 23:30:03,306 - 63052-MainThread - E:\git\crontab-script\jd_seckill\jd_spider_requests.py[line:193] - INFO: 抢购链接获取失败，稍后自动重试
2020-12-19 23:30:03,341 - 63624-MainThread - E:\git\crontab-script\jd_seckill\jd_spider_requests.py[line:179] - INFO: 获取商品的抢购resp_json: {'type': '3', 'state': '11', 'url': ''}
2020-12-19 23:30:03,342 - 63624-MainThread - E:\git\crontab-script\jd_seckill\jd_spider_requests.py[line:193] - INFO: 抢购链接获取失败，稍后自动重试
2020-12-19 23:30:03,379 - 64236-MainThread - E:\git\crontab-script\jd_seckill\jd_spider_requests.py[line:179] - INFO: 获取商品的抢购resp_json: {'type': '3', 'state': '11', 'url': ''}
2020-12-19 23:30:03,380 - 64236-MainThread - E:\git\crontab-script\jd_seckill\jd_spider_requests.py[line:193] - INFO: 抢购链接获取失败，稍后自动重试
2020-12-19 23:30:03,382 - 64012-MainThread - E:\git\crontab-script\jd_seckill\jd_spider_requests.py[line:179] - INFO: 获取商品的抢购resp_json: {'type': '3', 'state': '11', 'url': ''}
2020-12-19 23:30:03,383 - 64012-MainThread - E:\git\crontab-script\jd_seckill\jd_spider_requests.py[line:193] - INFO: 抢购链接获取失败，稍后自动重试
2020-12-19 23:30:03,478 - 63224-MainThread - E:\git\crontab-script\jd_seckill\jd_spider_requests.py[line:179] - INFO: 获取商品的抢购resp_json: {'type': '3', 'state': '11', 'url': ''}
2020-12-19 23:30:03,478 - 63224-MainThread - E:\git\crontab-script\jd_seckill\jd_spider_requests.py[line:193] - INFO: 抢购链接获取失败，稍后自动重试
2020-12-19 23:30:03,628 - 63624-MainThread - E:\git\crontab-script\jd_seckill\jd_spider_requests.py[line:179] - INFO: 获取商品的抢购resp_json: {'type': '3', 'state': '11', 'url': ''}
2020-12-19 23:30:03,628 - 63624-MainThread - E:\git\crontab-script\jd_seckill\jd_spider_requests.py[line:193] - INFO: 抢购链接获取失败，稍后自动重试
2020-12-19 23:30:03,969 - 64236-MainThread - E:\git\crontab-script\jd_seckill\jd_spider_requests.py[line:179] - INFO: 获取商品的抢购resp_json: {'type': '3', 'state': '11', 'url': ''}
2020-12-19 23:30:03,969 - 63052-MainThread - E:\git\crontab-script\jd_seckill\jd_spider_requests.py[line:179] - INFO: 获取商品的抢购resp_json: {'type': '3', 'state': '11', 'url': ''}
2020-12-19 23:30:03,970 - 64236-MainThread - E:\git\crontab-script\jd_seckill\jd_spider_requests.py[line:193] - INFO: 抢购链接获取失败，稍后自动重试
2020-12-19 23:30:03,971 - 63052-MainThread - E:\git\crontab-script\jd_seckill\jd_spider_requests.py[line:193] - INFO: 抢购链接获取失败，稍后自动重试
2020-12-19 23:30:04,144 - 63624-MainThread - E:\git\crontab-script\jd_seckill\jd_spider_requests.py[line:179] - INFO: 获取商品的抢购resp_json: {'type': '3', 'state': '11', 'url': ''}
2020-12-19 23:30:04,144 - 63224-MainThread - E:\git\crontab-script\jd_seckill\jd_spider_requests.py[line:193] - INFO: 抢购链接获取失败，稍后自动重试
2020-12-19 23:30:04,144 - 63624-MainThread - E:\git\crontab-script\jd_seckill\jd_spider_requests.py[line:193] - INFO: 抢购链接获取失败，稍后自动重试
2020-12-19 23:30:04,525 - 64236-MainThread - E:\git\crontab-script\jd_seckill\jd_spider_requests.py[line:179] - INFO: 获取商品的抢购resp_json: {'type': '3', 'state': '11', 'url': ''}
2020-12-19 23:30:04,525 - 64236-MainThread - E:\git\crontab-script\jd_seckill\jd_spider_requests.py[line:193] - INFO: 抢购链接获取失败，稍后自动重试
2020-12-19 23:30:04,546 - 64012-MainThread - E:\git\crontab-script\jd_seckill\jd_spider_requests.py[line:179] - INFO: 获取商品的抢购resp_json: {'type': '3', 'state': '11', 'url': ''}
2020-12-19 23:30:04,546 - 64012-MainThread - E:\git\crontab-script\jd_seckill\jd_spider_requests.py[line:193] - INFO: 抢购链接获取失败，稍后自动重试
2020-12-19 23:30:04,606 - 63052-MainThread - E:\git\crontab-script\jd_seckill\jd_spider_requests.py[line:179] - INFO: 获取商品的抢购resp_json: {'type': '3', 'state': '11', 'url': ''}
2020-12-19 23:30:04,606 - 63052-MainThread - E:\git\crontab-script\jd_seckill\jd_spider_requests.py[line:193] - INFO: 抢购链接获取失败，稍后自动重试
2020-12-19 23:30:04,610 - 63624-MainThread - E:\git\crontab-script\jd_seckill\jd_spider_requests.py[line:179] - INFO: 获取商品的抢购resp_json: {'type': '3', 'state': '11', 'url': ''}
2020-12-19 23:30:04,611 - 63624-MainThread - E:\git\crontab-script\jd_seckill\jd_spider_requests.py[line:193] - INFO: 抢购链接获取失败，稍后自动重试
2020-12-19 23:30:04,613 - 63224-MainThread - E:\git\crontab-script\jd_seckill\jd_spider_requests.py[line:179] - INFO: 获取商品的抢购resp_json: {'type': '3', 'state': '11', 'url': ''}
2020-12-19 23:30:04,614 - 63224-MainThread - E:\git\crontab-script\jd_seckill\jd_spider_requests.py[line:193] - INFO: 抢购链接获取失败，稍后自动重试
2020-12-19 23:30:04,837 - 64236-MainThread - E:\git\crontab-script\jd_seckill\jd_spider_requests.py[line:179] - INFO: 获取商品的抢购resp_json: {'type': '3', 'state': '11', 'url': ''}
2020-12-19 23:30:04,837 - 64236-MainThread - E:\git\crontab-script\jd_seckill\jd_spider_requests.py[line:193] - INFO: 抢购链接获取失败，稍后自动重试
2020-12-19 23:30:04,907 - 64012-MainThread - E:\git\crontab-script\jd_seckill\jd_spider_requests.py[line:179] - INFO: 获取商品的抢购resp_json: {'type': '3', 'state': '11', 'url': ''}
2020-12-19 23:30:04,908 - 64012-MainThread - E:\git\crontab-script\jd_seckill\jd_spider_requests.py[line:193] - INFO: 抢购链接获取失败，稍后自动重试
2020-12-19 23:30:04,908 - 63052-MainThread - E:\git\crontab-script\jd_seckill\jd_spider_requests.py[line:179] - INFO: 获取商品的抢购resp_json: {'type': '3', 'state': '11', 'url': ''}
2020-12-19 23:30:04,908 - 63052-MainThread - E:\git\crontab-script\jd_seckill\jd_spider_requests.py[line:193] - INFO: 抢购链接获取失败，稍后自动重试
2020-12-19 23:30:04,912 - 63224-MainThread - E:\git\crontab-script\jd_seckill\jd_spider_requests.py[line:179] - INFO: 获取商品的抢购resp_json: {'type': '3', 'state': '11', 'url': ''}
2020-12-19 23:30:04,913 - 63224-MainThread - E:\git\crontab-script\jd_seckill\jd_spider_requests.py[line:193] - INFO: 抢购链接获取失败，稍后自动重试
2020-12-19 23:30:04,977 - 63624-MainThread - E:\git\crontab-script\jd_seckill\jd_spider_requests.py[line:179] - INFO: 获取商品的抢购resp_json: {'type': '3', 'state': '11', 'url': ''}
2020-12-19 23:30:04,977 - 63624-MainThread - E:\git\crontab-script\jd_seckill\jd_spider_requests.py[line:193] - INFO: 抢购链接获取失败，稍后自动重试
2020-12-19 23:30:05,157 - 64236-MainThread - E:\git\crontab-script\jd_seckill\jd_spider_requests.py[line:179] - INFO: 获取商品的抢购resp_json: {'type': '3', 'state': '11', 'url': ''}
2020-12-19 23:30:05,157 - 64236-MainThread - E:\git\crontab-script\jd_seckill\jd_spider_requests.py[line:193] - INFO: 抢购链接获取失败，稍后自动重试
2020-12-19 23:30:05,213 - 63052-MainThread - E:\git\crontab-script\jd_seckill\jd_spider_requests.py[line:179] - INFO: 获取商品的抢购resp_json: {'type': '3', 'state': '11', 'url': ''}
2020-12-19 23:30:05,214 - 63052-MainThread - E:\git\crontab-script\jd_seckill\jd_spider_requests.py[line:193] - INFO: 抢购链接获取失败，稍后自动重试
2020-12-19 23:30:05,328 - 63224-MainThread - E:\git\crontab-script\jd_seckill\jd_spider_requests.py[line:179] - INFO: 获取商品的抢购resp_json: {'type': '3', 'state': '11', 'url': ''}
2020-12-19 23:30:05,328 - 63224-MainThread - E:\git\crontab-script\jd_seckill\jd_spider_requests.py[line:193] - INFO: 抢购链接获取失败，稍后自动重试
2020-12-19 23:30:05,348 - 63624-MainThread - E:\git\crontab-script\jd_seckill\jd_spider_requests.py[line:179] - INFO: 获取商品的抢购resp_json: {'type': '3', 'state': '11', 'url': ''}
2020-12-19 23:30:05,349 - 63624-MainThread - E:\git\crontab-script\jd_seckill\jd_spider_requests.py[line:193] - INFO: 抢购链接获取失败，稍后自动重试
2020-12-19 23:30:05,374 - 64012-MainThread - E:\git\crontab-script\jd_seckill\jd_spider_requests.py[line:179] - INFO: 获取商品的抢购resp_json: {'type': '3', 'state': '11', 'url': ''}
2020-12-19 23:30:05,375 - 64012-MainThread - E:\git\crontab-script\jd_seckill\jd_spider_requests.py[line:193] - INFO: 抢购链接获取失败，稍后自动重试
2020-12-19 23:30:05,492 - 64236-MainThread - E:\git\crontab-script\jd_seckill\jd_spider_requests.py[line:179] - INFO: 获取商品的抢购resp_json: {'type': '3', 'state': '11', 'url': ''}
2020-12-19 23:30:05,492 - 64236-MainThread - E:\git\crontab-script\jd_seckill\jd_spider_requests.py[line:193] - INFO: 抢购链接获取失败，稍后自动重试
2020-12-19 23:30:05,641 - 63052-MainThread - E:\git\crontab-script\jd_seckill\jd_spider_requests.py[line:179] - INFO: 获取商品的抢购resp_json: {'type': '3', 'state': '11', 'url': ''}
2020-12-19 23:30:05,641 - 63052-MainThread - E:\git\crontab-script\jd_seckill\jd_spider_requests.py[line:193] - INFO: 抢购链接获取失败，稍后自动重试
2020-12-19 23:30:05,709 - 63224-MainThread - E:\git\crontab-script\jd_seckill\jd_spider_requests.py[line:179] - INFO: 获取商品的抢购resp_json: {'type': '3', 'state': '11', 'url': ''}
2020-12-19 23:30:05,709 - 63224-MainThread - E:\git\crontab-script\jd_seckill\jd_spider_requests.py[line:193] - INFO: 抢购链接获取失败，稍后自动重试
2020-12-19 23:30:05,725 - 63624-MainThread - E:\git\crontab-script\jd_seckill\jd_spider_requests.py[line:179] - INFO: 获取商品的抢购resp_json: {'type': '3', 'state': '11', 'url': ''}
2020-12-19 23:30:05,726 - 63624-MainThread - E:\git\crontab-script\jd_seckill\jd_spider_requests.py[line:193] - INFO: 抢购链接获取失败，稍后自动重试
2020-12-19 23:30:05,843 - 64012-MainThread - E:\git\crontab-script\jd_seckill\jd_spider_requests.py[line:179] - INFO: 获取商品的抢购resp_json: {'type': '3', 'state': '11', 'url': ''}
2020-12-19 23:30:05,843 - 64012-MainThread - E:\git\crontab-script\jd_seckill\jd_spider_requests.py[line:193] - INFO: 抢购链接获取失败，稍后自动重试
2020-12-19 23:30:06,194 - 64236-MainThread - E:\git\crontab-script\jd_seckill\jd_spider_requests.py[line:179] - INFO: 获取商品的抢购resp_json: {'type': '3', 'state': '11', 'url': ''}
2020-12-19 23:30:06,194 - 64236-MainThread - E:\git\crontab-script\jd_seckill\jd_spider_requests.py[line:193] - INFO: 抢购链接获取失败，稍后自动重试
2020-12-19 23:30:06,253 - 63624-MainThread - E:\git\crontab-script\jd_seckill\jd_spider_requests.py[line:179] - INFO: 获取商品的抢购resp_json: {'type': '3', 'state': '11', 'url': ''}
2020-12-19 23:30:06,253 - 63624-MainThread - E:\git\crontab-script\jd_seckill\jd_spider_requests.py[line:193] - INFO: 抢购链接获取失败，稍后自动重试
2020-12-19 23:30:06,315 - 64012-MainThread - E:\git\crontab-script\jd_seckill\jd_spider_requests.py[line:179] - INFO: 获取商品的抢购resp_json: {'type': '3', 'state': '11', 'url': ''}
2020-12-19 23:30:06,316 - 64012-MainThread - E:\git\crontab-script\jd_seckill\jd_spider_requests.py[line:193] - INFO: 抢购链接获取失败，稍后自动重试
2020-12-19 23:30:06,345 - 63052-MainThread - E:\git\crontab-script\jd_seckill\jd_spider_requests.py[line:179] - INFO: 获取商品的抢购resp_json: {'type': '3', 'state': '11', 'url': ''}
2020-12-19 23:30:06,345 - 63052-MainThread - E:\git\crontab-script\jd_seckill\jd_spider_requests.py[line:193] - INFO: 抢购链接获取失败，稍后自动重试
2020-12-19 23:30:07,031 - 64012-MainThread - E:\git\crontab-script\jd_seckill\jd_spider_requests.py[line:179] - INFO: 获取商品的抢购resp_json: {'type': '3', 'state': '11', 'url': ''}
2020-12-19 23:30:07,031 - 64012-MainThread - E:\git\crontab-script\jd_seckill\jd_spider_requests.py[line:193] - INFO: 抢购链接获取失败，稍后自动重试
2020-12-19 23:30:07,045 - 64236-MainThread - E:\git\crontab-script\jd_seckill\jd_spider_requests.py[line:179] - INFO: 获取商品的抢购resp_json: {'type': '3', 'state': '11', 'url': ''}
2020-12-19 23:30:07,045 - 63052-MainThread - E:\git\crontab-script\jd_seckill\jd_spider_requests.py[line:179] - INFO: 获取商品的抢购resp_json: {'type': '3', 'state': '11', 'url': ''}
2020-12-19 23:30:07,045 - 64236-MainThread - E:\git\crontab-script\jd_seckill\jd_spider_requests.py[line:193] - INFO: 抢购链接获取失败，稍后自动重试
2020-12-19 23:30:07,046 - 63052-MainThread - E:\git\crontab-script\jd_seckill\jd_spider_requests.py[line:193] - INFO: 抢购链接获取失败，稍后自动重试
2020-12-19 23:30:07,056 - 63224-MainThread - E:\git\crontab-script\jd_seckill\jd_spider_requests.py[line:179] - INFO: 获取商品的抢购resp_json: {'type': '3', 'state': '11', 'url': ''}
2020-12-19 23:30:07,056 - 63224-MainThread - E:\git\crontab-script\jd_seckill\jd_spider_requests.py[line:193] - INFO: 抢购链接获取失败，稍后自动重试
2020-12-19 23:30:07,384 - 64236-MainThread - E:\git\crontab-script\jd_seckill\jd_spider_requests.py[line:179] - INFO: 获取商品的抢购resp_json: {'type': '3', 'state': '11', 'url': ''}
2020-12-19 23:30:07,384 - 64236-MainThread - E:\git\crontab-script\jd_seckill\jd_spider_requests.py[line:193] - INFO: 抢购链接获取失败，稍后自动重试
2020-12-19 23:30:07,416 - 63052-MainThread - E:\git\crontab-script\jd_seckill\jd_spider_requests.py[line:179] - INFO: 获取商品的抢购resp_json: {'type': '3', 'state': '11', 'url': ''}
2020-12-19 23:30:07,416 - 63052-MainThread - E:\git\crontab-script\jd_seckill\jd_spider_requests.py[line:193] - INFO: 抢购链接获取失败，稍后自动重试
2020-12-19 23:30:09,380 - 63224-MainThread - E:\git\crontab-script\jd_seckill\jd_spider_requests.py[line:179] - INFO: 获取商品的抢购resp_json: {'type': '3', 'state': '11', 'url': ''}
2020-12-19 23:30:09,380 - 63224-MainThread - E:\git\crontab-script\jd_seckill\jd_spider_requests.py[line:193] - INFO: 抢购链接获取失败，稍后自动重试
2020-12-19 23:30:09,380 - 63624-MainThread - E:\git\crontab-script\jd_seckill\jd_spider_requests.py[line:179] - INFO: 获取商品的抢购resp_json: {'type': '3', 'state': '11', 'url': ''}
2020-12-19 23:30:09,395 - 63624-MainThread - E:\git\crontab-script\jd_seckill\jd_spider_requests.py[line:193] - INFO: 抢购链接获取失败，稍后自动重试
2020-12-19 23:30:09,398 - 64012-MainThread - E:\git\crontab-script\jd_seckill\jd_spider_requests.py[line:179] - INFO: 获取商品的抢购resp_json: {'type': '3', 'state': '11', 'url': ''}
2020-12-19 23:30:09,398 - 64012-MainThread - E:\git\crontab-script\jd_seckill\jd_spider_requests.py[line:193] - INFO: 抢购链接获取失败，稍后自动重试
2020-12-19 23:30:09,467 - 64236-MainThread - E:\git\crontab-script\jd_seckill\jd_spider_requests.py[line:179] - INFO: 获取商品的抢购resp_json: {'type': '3', 'state': '11', 'url': ''}
2020-12-19 23:30:09,467 - 63052-MainThread - E:\git\crontab-script\jd_seckill\jd_spider_requests.py[line:179] - INFO: 获取商品的抢购resp_json: {'type': '3', 'state': '11', 'url': ''}
2020-12-19 23:30:09,468 - 64236-MainThread - E:\git\crontab-script\jd_seckill\jd_spider_requests.py[line:193] - INFO: 抢购链接获取失败，稍后自动重试
2020-12-19 23:30:09,468 - 63052-MainThread - E:\git\crontab-script\jd_seckill\jd_spider_requests.py[line:193] - INFO: 抢购链接获取失败，稍后自动重试
2020-12-19 23:30:09,763 - 64236-MainThread - E:\git\crontab-script\jd_seckill\jd_spider_requests.py[line:179] - INFO: 获取商品的抢购resp_json: {'type': '3', 'state': '11', 'url': ''}
2020-12-19 23:30:09,763 - 64012-MainThread - E:\git\crontab-script\jd_seckill\jd_spider_requests.py[line:179] - INFO: 获取商品的抢购resp_json: {'type': '3', 'state': '11', 'url': ''}
2020-12-19 23:30:09,763 - 64236-MainThread - E:\git\crontab-script\jd_seckill\jd_spider_requests.py[line:193] - INFO: 抢购链接获取失败，稍后自动重试
2020-12-19 23:30:09,763 - 64012-MainThread - E:\git\crontab-script\jd_seckill\jd_spider_requests.py[line:193] - INFO: 抢购链接获取失败，稍后自动重试
2020-12-19 23:30:09,817 - 63624-MainThread - E:\git\crontab-script\jd_seckill\jd_spider_requests.py[line:179] - INFO: 获取商品的抢购resp_json: {'type': '3', 'state': '11', 'url': ''}
2020-12-19 23:30:09,818 - 63624-MainThread - E:\git\crontab-script\jd_seckill\jd_spider_requests.py[line:193] - INFO: 抢购链接获取失败，稍后自动重试
2020-12-19 23:30:09,823 - 63224-MainThread - E:\git\crontab-script\jd_seckill\jd_spider_requests.py[line:179] - INFO: 获取商品的抢购resp_json: {'type': '3', 'state': '11', 'url': ''}
2020-12-19 23:30:09,823 - 63224-MainThread - E:\git\crontab-script\jd_seckill\jd_spider_requests.py[line:193] - INFO: 抢购链接获取失败，稍后自动重试
2020-12-19 23:30:09,826 - 63052-MainThread - E:\git\crontab-script\jd_seckill\jd_spider_requests.py[line:179] - INFO: 获取商品的抢购resp_json: {'type': '3', 'state': '11', 'url': ''}
2020-12-19 23:30:09,826 - 63052-MainThread - E:\git\crontab-script\jd_seckill\jd_spider_requests.py[line:193] - INFO: 抢购链接获取失败，稍后自动重试
